<?xml version="1.0" encoding="UTF-8"?>
<coverage generated="1774163130829" clover="3.2.0">
  <project timestamp="1774163130829" name="All files">
    <metrics statements="423" coveredstatements="334" conditionals="199" coveredconditionals="146" methods="90" coveredmethods="71" elements="712" coveredelements="551" complexity="0" loc="423" ncloc="423" packages="3" files="16" classes="16"/>
    <package name="modules.dispatch">
      <metrics statements="260" coveredstatements="210" conditionals="106" coveredconditionals="78" methods="47" coveredmethods="39"/>
      <file name="alias-registry.ts" path="C:\Users\xx\Desktop\Local-AI-Freelance-Agency-OS\src\modules\dispatch\alias-registry.ts">
        <metrics statements="6" coveredstatements="6" conditionals="3" coveredconditionals="3" methods="3" coveredmethods="3"/>
        <line num="6" count="4" type="stmt"/>
        <line num="88" count="27" type="cond" truecount="1" falsecount="0"/>
        <line num="89" count="2" type="stmt"/>
        <line num="91" count="25" type="stmt"/>
        <line num="95" count="10" type="stmt"/>
        <line num="99" count="10" type="cond" truecount="2" falsecount="0"/>
      </file>
      <file name="api.ts" path="C:\Users\xx\Desktop\Local-AI-Freelance-Agency-OS\src\modules\dispatch\api.ts">
        <metrics statements="120" coveredstatements="87" conditionals="54" coveredconditionals="35" methods="16" coveredmethods="13"/>
        <line num="24" count="5" type="stmt"/>
        <line num="25" count="5" type="stmt"/>
        <line num="26" count="5" type="stmt"/>
        <line num="27" count="5" type="stmt"/>
        <line num="29" count="5" type="stmt"/>
        <line num="30" count="5" type="stmt"/>
        <line num="31" count="5" type="cond" truecount="1" falsecount="1"/>
        <line num="33" count="0" type="stmt"/>
        <line num="36" count="5" type="stmt"/>
        <line num="41" count="9" type="stmt"/>
        <line num="42" count="9" type="stmt"/>
        <line num="43" count="9" type="stmt"/>
        <line num="47" count="1" type="stmt"/>
        <line num="48" count="3" type="stmt"/>
        <line num="49" count="3" type="stmt"/>
        <line num="50" count="3" type="stmt"/>
        <line num="51" count="3" type="stmt"/>
        <line num="52" count="3" type="stmt"/>
        <line num="53" count="3" type="stmt"/>
        <line num="64" count="0" type="stmt"/>
        <line num="65" count="0" type="stmt"/>
        <line num="66" count="0" type="stmt"/>
        <line num="67" count="0" type="stmt"/>
        <line num="68" count="0" type="stmt"/>
        <line num="72" count="0" type="stmt"/>
        <line num="73" count="0" type="stmt"/>
        <line num="74" count="0" type="stmt"/>
        <line num="75" count="0" type="cond" truecount="0" falsecount="1"/>
        <line num="76" count="0" type="stmt"/>
        <line num="77" count="0" type="cond" truecount="0" falsecount="1"/>
        <line num="78" count="0" type="stmt"/>
        <line num="79" count="0" type="stmt"/>
        <line num="80" count="0" type="stmt"/>
        <line num="90" count="0" type="stmt"/>
        <line num="105" count="9" type="cond" truecount="1" falsecount="1"/>
        <line num="106" count="9" type="stmt"/>
        <line num="107" count="9" type="stmt"/>
        <line num="108" count="9" type="cond" truecount="1" falsecount="1"/>
        <line num="111" count="9" type="cond" truecount="3" falsecount="0"/>
        <line num="112" count="3" type="stmt"/>
        <line num="113" count="3" type="stmt"/>
        <line num="114" count="3" type="cond" truecount="2" falsecount="0"/>
        <line num="115" count="3" type="cond" truecount="2" falsecount="0"/>
        <line num="116" count="3" type="stmt"/>
        <line num="118" count="3" type="cond" truecount="1" falsecount="0"/>
        <line num="119" count="1" type="stmt"/>
        <line num="120" count="1" type="stmt"/>
        <line num="124" count="2" type="stmt"/>
        <line num="125" count="2" type="cond" truecount="2" falsecount="0"/>
        <line num="127" count="1" type="cond" truecount="1" falsecount="0"/>
        <line num="128" count="1" type="stmt"/>
        <line num="129" count="1" type="stmt"/>
        <line num="131" count="0" type="stmt"/>
        <line num="134" count="1" type="cond" truecount="1" falsecount="2"/>
        <line num="135" count="0" type="stmt"/>
        <line num="138" count="1" type="stmt"/>
        <line num="139" count="1" type="stmt"/>
        <line num="140" count="1" type="stmt"/>
        <line num="142" count="1" type="stmt"/>
        <line num="149" count="0" type="stmt"/>
        <line num="150" count="0" type="stmt"/>
        <line num="152" count="1" type="stmt"/>
        <line num="156" count="6" type="stmt"/>
        <line num="157" count="6" type="cond" truecount="3" falsecount="0"/>
        <line num="158" count="2" type="stmt"/>
        <line num="159" count="2" type="stmt"/>
        <line num="160" count="2" type="cond" truecount="1" falsecount="0"/>
        <line num="161" count="1" type="stmt"/>
        <line num="162" count="1" type="stmt"/>
        <line num="165" count="1" type="stmt"/>
        <line num="166" count="1" type="cond" truecount="0" falsecount="1"/>
        <line num="167" count="0" type="stmt"/>
        <line num="169" count="0" type="cond" truecount="0" falsecount="1"/>
        <line num="170" count="0" type="stmt"/>
        <line num="171" count="0" type="cond" truecount="0" falsecount="1"/>
        <line num="172" count="0" type="stmt"/>
        <line num="177" count="1" type="stmt"/>
        <line num="178" count="1" type="stmt"/>
        <line num="182" count="4" type="cond" truecount="3" falsecount="0"/>
        <line num="183" count="1" type="stmt"/>
        <line num="184" count="1" type="cond" truecount="2" falsecount="0"/>
        <line num="185" count="1" type="cond" truecount="2" falsecount="0"/>
        <line num="187" count="1" type="stmt"/>
        <line num="188" count="1" type="cond" truecount="1" falsecount="1"/>
        <line num="189" count="1" type="stmt"/>
        <line num="191" count="1" type="stmt"/>
        <line num="196" count="1" type="stmt"/>
        <line num="200" count="3" type="stmt"/>
        <line num="201" count="3" type="cond" truecount="3" falsecount="0"/>
        <line num="202" count="2" type="stmt"/>
        <line num="203" count="2" type="stmt"/>
        <line num="204" count="2" type="cond" truecount="0" falsecount="1"/>
        <line num="205" count="0" type="stmt"/>
        <line num="206" count="0" type="stmt"/>
        <line num="209" count="2" type="stmt"/>
        <line num="210" count="2" type="stmt"/>
        <line num="211" count="2" type="stmt"/>
        <line num="212" count="2" type="cond" truecount="1" falsecount="1"/>
        <line num="214" count="2" type="cond" truecount="1" falsecount="0"/>
        <line num="215" count="1" type="stmt"/>
        <line num="216" count="1" type="stmt"/>
        <line num="219" count="1" type="stmt"/>
        <line num="222" count="1" type="stmt"/>
        <line num="223" count="1" type="cond" truecount="0" falsecount="1"/>
        <line num="224" count="0" type="stmt"/>
        <line num="227" count="1" type="stmt"/>
        <line num="229" count="0" type="stmt"/>
        <line num="231" count="1" type="stmt"/>
        <line num="235" count="1" type="stmt"/>
        <line num="236" count="1" type="cond" truecount="3" falsecount="0"/>
        <line num="237" count="1" type="stmt"/>
        <line num="238" count="1" type="cond" truecount="0" falsecount="1"/>
        <line num="239" count="0" type="stmt"/>
        <line num="240" count="0" type="stmt"/>
        <line num="242" count="1" type="stmt"/>
        <line num="243" count="1" type="stmt"/>
        <line num="244" count="1" type="stmt"/>
        <line num="246" count="0" type="stmt"/>
        <line num="248" count="1" type="stmt"/>
        <line num="251" count="0" type="stmt"/>
      </file>
      <file name="command-parser.ts" path="C:\Users\xx\Desktop\Local-AI-Freelance-Agency-OS\src\modules\dispatch\command-parser.ts">
        <metrics statements="10" coveredstatements="10" conditionals="2" coveredconditionals="2" methods="2" coveredmethods="2"/>
        <line num="12" count="12" type="stmt"/>
        <line num="16" count="12" type="cond" truecount="2" falsecount="0"/>
        <line num="17" count="8" type="stmt"/>
        <line num="18" count="8" type="stmt"/>
        <line num="20" count="4" type="stmt"/>
        <line num="21" count="4" type="stmt"/>
        <line num="24" count="12" type="stmt"/>
        <line num="26" count="10" type="stmt"/>
        <line num="33" count="3" type="stmt"/>
        <line num="34" count="3" type="stmt"/>
      </file>
      <file name="ipc-manager.ts" path="C:\Users\xx\Desktop\Local-AI-Freelance-Agency-OS\src\modules\dispatch\ipc-manager.ts">
        <metrics statements="30" coveredstatements="28" conditionals="12" coveredconditionals="11" methods="9" coveredmethods="8"/>
        <line num="9" count="13" type="stmt"/>
        <line num="13" count="13" type="stmt"/>
        <line num="27" count="3" type="stmt"/>
        <line num="28" count="3" type="stmt"/>
        <line num="29" count="3" type="stmt"/>
        <line num="30" count="3" type="stmt"/>
        <line num="42" count="4" type="stmt"/>
        <line num="43" count="4" type="cond" truecount="1" falsecount="0"/>
        <line num="45" count="3" type="stmt"/>
        <line num="46" count="3" type="cond" truecount="3" falsecount="0"/>
        <line num="48" count="2" type="stmt"/>
        <line num="49" count="2" type="stmt"/>
        <line num="51" count="2" type="stmt"/>
        <line num="62" count="3" type="cond" truecount="1" falsecount="0"/>
        <line num="63" count="2" type="stmt"/>
        <line num="65" count="1" type="stmt"/>
        <line num="75" count="3" type="stmt"/>
        <line num="76" count="3" type="stmt"/>
        <line num="77" count="3" type="cond" truecount="1" falsecount="0"/>
        <line num="79" count="2" type="stmt"/>
        <line num="80" count="2" type="cond" truecount="2" falsecount="1"/>
        <line num="82" count="2" type="stmt"/>
        <line num="93" count="0" type="stmt"/>
        <line num="94" count="0" type="stmt"/>
        <line num="109" count="3" type="stmt"/>
        <line num="113" count="3" type="cond" truecount="3" falsecount="0"/>
        <line num="114" count="1" type="stmt"/>
        <line num="115" count="2" type="stmt"/>
        <line num="117" count="3" type="stmt"/>
        <line num="118" count="3" type="stmt"/>
      </file>
      <file name="plan-manager.ts" path="C:\Users\xx\Desktop\Local-AI-Freelance-Agency-OS\src\modules\dispatch\plan-manager.ts">
        <metrics statements="35" coveredstatements="35" conditionals="25" coveredconditionals="19" methods="7" coveredmethods="7"/>
        <line num="5" count="2" type="stmt"/>
        <line num="12" count="2" type="stmt"/>
        <line num="23" count="21" type="stmt"/>
        <line num="24" count="21" type="stmt"/>
        <line num="25" count="21" type="stmt"/>
        <line num="27" count="21" type="stmt"/>
        <line num="28" count="113" type="stmt"/>
        <line num="29" count="113" type="cond" truecount="1" falsecount="0"/>
        <line num="30" count="54" type="stmt"/>
        <line num="31" count="54" type="cond" truecount="2" falsecount="2"/>
        <line num="32" count="54" type="stmt"/>
        <line num="38" count="54" type="stmt"/>
        <line num="41" count="21" type="stmt"/>
        <line num="53" count="10" type="stmt"/>
        <line num="54" count="28" type="cond" truecount="2" falsecount="0"/>
        <line num="66" count="9" type="stmt"/>
        <line num="67" count="9" type="stmt"/>
        <line num="68" count="9" type="stmt"/>
        <line num="70" count="9" type="stmt"/>
        <line num="71" count="52" type="cond" truecount="4" falsecount="0"/>
        <line num="72" count="25" type="stmt"/>
        <line num="73" count="25" type="stmt"/>
        <line num="74" count="25" type="cond" truecount="2" falsecount="0"/>
        <line num="75" count="25" type="cond" truecount="2" falsecount="0"/>
        <line num="77" count="27" type="stmt"/>
        <line num="81" count="9" type="stmt"/>
        <line num="93" count="3" type="cond" truecount="1" falsecount="1"/>
        <line num="94" count="3" type="stmt"/>
        <line num="95" count="3" type="stmt"/>
        <line num="103" count="1" type="cond" truecount="1" falsecount="1"/>
        <line num="104" count="1" type="stmt"/>
        <line num="105" count="1" type="stmt"/>
        <line num="113" count="1" type="cond" truecount="1" falsecount="1"/>
        <line num="114" count="1" type="stmt"/>
        <line num="115" count="1" type="stmt"/>
      </file>
      <file name="task-runner.ts" path="C:\Users\xx\Desktop\Local-AI-Freelance-Agency-OS\src\modules\dispatch\task-runner.ts">
        <metrics statements="54" coveredstatements="44" conditionals="9" coveredconditionals="8" methods="9" coveredmethods="6"/>
        <line num="12" count="2" type="stmt"/>
        <line num="13" count="2" type="stmt"/>
        <line num="20" count="28" type="stmt"/>
        <line num="21" count="28" type="stmt"/>
        <line num="22" count="28" type="stmt"/>
        <line num="24" count="0" type="stmt"/>
        <line num="33" count="0" type="stmt"/>
        <line num="34" count="0" type="cond" truecount="0" falsecount="1"/>
        <line num="35" count="0" type="stmt"/>
        <line num="36" count="0" type="stmt"/>
        <line num="37" count="0" type="stmt"/>
        <line num="38" count="0" type="stmt"/>
        <line num="40" count="0" type="stmt"/>
        <line num="58" count="15" type="stmt"/>
        <line num="59" count="15" type="stmt"/>
        <line num="60" count="15" type="stmt"/>
        <line num="61" count="15" type="stmt"/>
        <line num="62" count="15" type="stmt"/>
        <line num="65" count="15" type="stmt"/>
        <line num="72" count="15" type="stmt"/>
        <line num="73" count="15" type="stmt"/>
        <line num="75" count="15" type="stmt"/>
        <line num="86" count="15" type="stmt"/>
        <line num="87" count="15" type="stmt"/>
        <line num="88" count="15" type="stmt"/>
        <line num="89" count="15" type="stmt"/>
        <line num="100" count="12" type="stmt"/>
        <line num="101" count="12" type="cond" truecount="1" falsecount="0"/>
        <line num="103" count="11" type="stmt"/>
        <line num="109" count="11" type="stmt"/>
        <line num="111" count="11" type="stmt"/>
        <line num="112" count="11" type="stmt"/>
        <line num="116" count="2" type="stmt"/>
        <line num="120" count="2" type="stmt"/>
        <line num="132" count="0" type="stmt"/>
        <line num="133" count="0" type="stmt"/>
        <line num="153" count="5" type="stmt"/>
        <line num="154" count="5" type="cond" truecount="1" falsecount="0"/>
        <line num="156" count="4" type="cond" truecount="3" falsecount="0"/>
        <line num="157" count="2" type="stmt"/>
        <line num="160" count="2" type="cond" truecount="1" falsecount="0"/>
        <line num="161" count="1" type="stmt"/>
        <line num="162" count="1" type="cond" truecount="1" falsecount="0"/>
        <line num="163" count="1" type="stmt"/>
        <line num="165" count="1" type="stmt"/>
        <line num="168" count="2" type="stmt"/>
        <line num="169" count="2" type="stmt"/>
        <line num="172" count="2" type="cond" truecount="1" falsecount="0"/>
        <line num="173" count="1" type="stmt"/>
        <line num="174" count="1" type="stmt"/>
        <line num="175" count="1" type="stmt"/>
        <line num="179" count="1" type="stmt"/>
        <line num="180" count="1" type="stmt"/>
        <line num="181" count="1" type="stmt"/>
      </file>
      <file name="template-engine.ts" path="C:\Users\xx\Desktop\Local-AI-Freelance-Agency-OS\src\modules\dispatch\template-engine.ts">
        <metrics statements="5" coveredstatements="0" conditionals="1" coveredconditionals="0" methods="1" coveredmethods="0"/>
        <line num="21" count="0" type="stmt"/>
        <line num="22" count="0" type="cond" truecount="0" falsecount="1"/>
        <line num="23" count="0" type="stmt"/>
        <line num="25" count="0" type="stmt"/>
        <line num="26" count="0" type="stmt"/>
      </file>
    </package>
    <package name="modules.intake">
      <metrics statements="92" coveredstatements="85" conditionals="77" coveredconditionals="62" methods="25" coveredmethods="24"/>
      <file name="api.ts" path="C:\Users\xx\Desktop\Local-AI-Freelance-Agency-OS\src\modules\intake\api.ts">
        <metrics statements="43" coveredstatements="36" conditionals="22" coveredconditionals="16" methods="8" coveredmethods="7"/>
        <line num="13" count="7" type="stmt"/>
        <line num="14" count="7" type="stmt"/>
        <line num="15" count="0" type="stmt"/>
        <line num="16" count="0" type="cond" truecount="0" falsecount="1"/>
        <line num="17" count="0" type="stmt"/>
        <line num="18" count="0" type="stmt"/>
        <line num="30" count="7" type="cond" truecount="3" falsecount="0"/>
        <line num="31" count="1" type="stmt"/>
        <line num="32" count="1" type="stmt"/>
        <line num="33" count="1" type="stmt"/>
        <line num="37" count="6" type="stmt"/>
        <line num="38" count="6" type="stmt"/>
        <line num="40" count="0" type="stmt"/>
        <line num="41" count="0" type="stmt"/>
        <line num="42" count="0" type="stmt"/>
        <line num="46" count="6" type="stmt"/>
        <line num="47" count="6" type="stmt"/>
        <line num="49" count="1" type="stmt"/>
        <line num="50" count="1" type="stmt"/>
        <line num="51" count="1" type="stmt"/>
        <line num="54" count="5" type="stmt"/>
        <line num="56" count="5" type="cond" truecount="4" falsecount="0"/>
        <line num="57" count="2" type="stmt"/>
        <line num="58" count="2" type="stmt"/>
        <line num="64" count="2" type="stmt"/>
        <line num="67" count="3" type="cond" truecount="4" falsecount="0"/>
        <line num="68" count="1" type="stmt"/>
        <line num="69" count="1" type="stmt"/>
        <line num="75" count="1" type="stmt"/>
        <line num="78" count="2" type="stmt"/>
        <line num="92" count="2" type="stmt"/>
        <line num="93" count="2" type="stmt"/>
        <line num="94" count="1" type="stmt"/>
        <line num="95" count="1" type="stmt"/>
        <line num="102" count="1" type="stmt"/>
        <line num="106" count="1" type="stmt"/>
        <line num="107" count="1" type="stmt"/>
        <line num="108" count="1" type="stmt"/>
        <line num="115" count="6" type="stmt"/>
        <line num="116" count="6" type="stmt"/>
        <line num="117" count="6" type="stmt"/>
        <line num="118" count="6" type="stmt"/>
        <line num="119" count="6" type="stmt"/>
      </file>
      <file name="classifier.ts" path="C:\Users\xx\Desktop\Local-AI-Freelance-Agency-OS\src\modules\intake\classifier.ts">
        <metrics statements="9" coveredstatements="9" conditionals="20" coveredconditionals="17" methods="4" coveredmethods="4"/>
        <line num="5" count="3" type="stmt"/>
        <line num="13" count="3" type="stmt"/>
        <line num="14" count="3" type="stmt"/>
        <line num="24" count="30" type="cond" truecount="2" falsecount="0"/>
        <line num="25" count="33" type="stmt"/>
        <line num="27" count="30" type="cond" truecount="2" falsecount="0"/>
        <line num="28" count="6" type="stmt"/>
        <line num="30" count="30" type="stmt"/>
        <line num="39" count="39" type="stmt"/>
      </file>
      <file name="parser.ts" path="C:\Users\xx\Desktop\Local-AI-Freelance-Agency-OS\src\modules\intake\parser.ts">
        <metrics statements="26" coveredstatements="26" conditionals="17" coveredconditionals="11" methods="3" coveredmethods="3"/>
        <line num="14" count="2" type="stmt"/>
        <line num="26" count="12" type="stmt"/>
        <line num="28" count="10" type="stmt"/>
        <line num="29" count="10" type="stmt"/>
        <line num="30" count="10" type="stmt"/>
        <line num="31" count="10" type="stmt"/>
        <line num="32" count="10" type="stmt"/>
        <line num="33" count="10" type="stmt"/>
        <line num="41" count="12" type="stmt"/>
        <line num="45" count="12" type="stmt"/>
        <line num="53" count="12" type="stmt"/>
        <line num="70" count="12" type="stmt"/>
        <line num="71" count="12" type="stmt"/>
        <line num="72" count="19" type="stmt"/>
        <line num="73" count="19" type="stmt"/>
        <line num="74" count="19" type="stmt"/>
        <line num="82" count="15" type="cond" truecount="1" falsecount="1"/>
        <line num="83" count="15" type="stmt"/>
        <line num="86" count="10" type="stmt"/>
        <line num="90" count="10" type="stmt"/>
        <line num="93" count="10" type="cond" truecount="1" falsecount="1"/>
        <line num="98" count="10" type="stmt"/>
        <line num="110" count="10" type="stmt"/>
        <line num="112" count="9" type="stmt"/>
        <line num="113" count="9" type="stmt"/>
        <line num="119" count="2" type="stmt"/>
      </file>
      <file name="risk-analyzer.ts" path="C:\Users\xx\Desktop\Local-AI-Freelance-Agency-OS\src\modules\intake\risk-analyzer.ts">
        <metrics statements="3" coveredstatements="3" conditionals="16" coveredconditionals="16" methods="3" coveredmethods="3"/>
        <line num="5" count="3" type="stmt"/>
        <line num="12" count="17" type="cond" truecount="2" falsecount="0"/>
        <line num="16" count="17" type="stmt"/>
      </file>
      <file name="template.ts" path="C:\Users\xx\Desktop\Local-AI-Freelance-Agency-OS\src\modules\intake\template.ts">
        <metrics statements="11" coveredstatements="11" conditionals="2" coveredconditionals="2" methods="7" coveredmethods="7"/>
        <line num="5" count="17" type="stmt"/>
        <line num="14" count="17" type="stmt"/>
        <line num="19" count="17" type="stmt"/>
        <line num="37" count="17" type="stmt"/>
        <line num="45" count="22" type="stmt"/>
        <line num="51" count="17" type="stmt"/>
        <line num="56" count="28" type="stmt"/>
        <line num="61" count="17" type="stmt"/>
        <line num="62" count="17" type="stmt"/>
        <line num="63" count="28" type="stmt"/>
        <line num="65" count="17" type="stmt"/>
      </file>
    </package>
    <package name="utils">
      <metrics statements="71" coveredstatements="39" conditionals="16" coveredconditionals="6" methods="18" coveredmethods="8"/>
      <file name="errors.ts" path="C:\Users\xx\Desktop\Local-AI-Freelance-Agency-OS\src\utils\errors.ts">
        <metrics statements="13" coveredstatements="11" conditionals="0" coveredconditionals="0" methods="5" coveredmethods="4"/>
        <line num="6" count="8" type="stmt"/>
        <line num="8" count="8" type="stmt"/>
        <line num="9" count="8" type="stmt"/>
        <line num="16" count="2" type="stmt"/>
        <line num="18" count="2" type="stmt"/>
        <line num="19" count="2" type="stmt"/>
        <line num="24" count="3" type="stmt"/>
        <line num="25" count="3" type="stmt"/>
        <line num="26" count="3" type="stmt"/>
        <line num="32" count="3" type="stmt"/>
        <line num="36" count="3" type="stmt"/>
        <line num="42" count="0" type="stmt"/>
        <line num="43" count="0" type="stmt"/>
      </file>
      <file name="file-writer.ts" path="C:\Users\xx\Desktop\Local-AI-Freelance-Agency-OS\src\utils\file-writer.ts">
        <metrics statements="16" coveredstatements="0" conditionals="1" coveredconditionals="0" methods="4" coveredmethods="0"/>
        <line num="14" count="0" type="stmt"/>
        <line num="15" count="0" type="stmt"/>
        <line num="16" count="0" type="stmt"/>
        <line num="18" count="0" type="stmt"/>
        <line num="19" count="0" type="stmt"/>
        <line num="20" count="0" type="stmt"/>
        <line num="30" count="0" type="stmt"/>
        <line num="31" count="0" type="stmt"/>
        <line num="38" count="0" type="stmt"/>
        <line num="39" count="0" type="stmt"/>
        <line num="41" count="0" type="cond" truecount="0" falsecount="1"/>
        <line num="42" count="0" type="stmt"/>
        <line num="50" count="0" type="stmt"/>
        <line num="51" count="0" type="stmt"/>
        <line num="52" count="0" type="stmt"/>
        <line num="54" count="0" type="stmt"/>
      </file>
      <file name="logger.ts" path="C:\Users\xx\Desktop\Local-AI-Freelance-Agency-OS\src\utils\logger.ts">
        <metrics statements="14" coveredstatements="0" conditionals="9" coveredconditionals="0" methods="5" coveredmethods="0"/>
        <line num="5" count="0" type="stmt"/>
        <line num="13" count="0" type="cond" truecount="0" falsecount="2"/>
        <line num="16" count="0" type="cond" truecount="0" falsecount="1"/>
        <line num="18" count="0" type="stmt"/>
        <line num="19" count="0" type="stmt"/>
        <line num="20" count="0" type="cond" truecount="0" falsecount="2"/>
        <line num="22" count="0" type="cond" truecount="0" falsecount="4"/>
        <line num="23" count="0" type="stmt"/>
        <line num="25" count="0" type="stmt"/>
        <line num="29" count="0" type="stmt"/>
        <line num="30" count="0" type="stmt"/>
        <line num="31" count="0" type="stmt"/>
        <line num="32" count="0" type="stmt"/>
        <line num="33" count="0" type="stmt"/>
      </file>
      <file name="slug.ts" path="C:\Users\xx\Desktop\Local-AI-Freelance-Agency-OS\src\utils\slug.ts">
        <metrics statements="28" coveredstatements="28" conditionals="6" coveredconditionals="6" methods="4" coveredmethods="4"/>
        <line num="16" count="17" type="stmt"/>
        <line num="18" count="17" type="stmt"/>
        <line num="20" count="17" type="stmt"/>
        <line num="22" count="17" type="stmt"/>
        <line num="24" count="17" type="stmt"/>
        <line num="26" count="17" type="stmt"/>
        <line num="28" count="17" type="cond" truecount="1" falsecount="0"/>
        <line num="29" count="2" type="stmt"/>
        <line num="32" count="17" type="stmt"/>
        <line num="42" count="3" type="stmt"/>
        <line num="43" count="3" type="cond" truecount="1" falsecount="0"/>
        <line num="45" count="2" type="stmt"/>
        <line num="46" count="2" type="stmt"/>
        <line num="47" count="3" type="stmt"/>
        <line num="48" count="3" type="cond" truecount="1" falsecount="0"/>
        <line num="49" count="1" type="stmt"/>
        <line num="63" count="8" type="stmt"/>
        <line num="64" count="8" type="stmt"/>
        <line num="65" count="8" type="stmt"/>
        <line num="66" count="8" type="stmt"/>
        <line num="67" count="8" type="stmt"/>
        <line num="68" count="8" type="stmt"/>
        <line num="70" count="8" type="cond" truecount="2" falsecount="0"/>
        <line num="80" count="5" type="stmt"/>
        <line num="81" count="5" type="cond" truecount="1" falsecount="0"/>
        <line num="83" count="1" type="stmt"/>
        <line num="85" count="1" type="stmt"/>
        <line num="90" count="1" type="stmt"/>
      </file>
    </package>
  </project>
</coverage>
