{"C:\\Users\\xx\\Desktop\\Local-AI-Freelance-Agency-OS\\src\\modules\\dispatch\\alias-registry.ts": {"path":"C:\\Users\\xx\\Desktop\\Local-AI-Freelance-Agency-OS\\src\\modules\\dispatch\\alias-registry.ts","statementMap":{"0":{"start":{"line":6,"column":52},"end":{"line":85,"column":2}},"1":{"start":{"line":88,"column":2},"end":{"line":90,"column":3}},"2":{"start":{"line":89,"column":4},"end":{"line":89,"column":62}},"3":{"start":{"line":91,"column":2},"end":{"line":91,"column":42}},"4":{"start":{"line":95,"column":2},"end":{"line":95,"column":59}},"5":{"start":{"line":99,"column":2},"end":{"line":99,"column":52}}},"fnMap":{"0":{"name":"getAliasEntry","decl":{"start":{"line":87,"column":16},"end":{"line":87,"column":29}},"loc":{"start":{"line":87,"column":43},"end":{"line":92,"column":1}}},"1":{"name":"isValidAlias","decl":{"start":{"line":94,"column":16},"end":{"line":94,"column":28}},"loc":{"start":{"line":94,"column":42},"end":{"line":96,"column":1}}},"2":{"name":"validateDispatchAlias","decl":{"start":{"line":98,"column":16},"end":{"line":98,"column":37}},"loc":{"start":{"line":98,"column":51},"end":{"line":100,"column":1}}}},"branchMap":{"0":{"loc":{"start":{"line":88,"column":2},"end":{"line":90,"column":3}},"type":"if","locations":[{"start":{"line":88,"column":2},"end":{"line":90,"column":3}}]},"1":{"loc":{"start":{"line":99,"column":9},"end":{"line":99,"column":51}},"type":"cond-expr","locations":[{"start":{"line":99,"column":31},"end":{"line":99,"column":36}},{"start":{"line":99,"column":39},"end":{"line":99,"column":51}}]}},"s":{"0":4,"1":27,"2":2,"3":25,"4":10,"5":10},"f":{"0":27,"1":10,"2":10},"b":{"0":[2],"1":[9,1]}}
,"C:\\Users\\xx\\Desktop\\Local-AI-Freelance-Agency-OS\\src\\modules\\dispatch\\api.ts": {"path":"C:\\Users\\xx\\Desktop\\Local-AI-Freelance-Agency-OS\\src\\modules\\dispatch\\api.ts","statementMap":{"0":{"start":{"line":24,"column":2},"end":{"line":37,"column":5}},"1":{"start":{"line":25,"column":15},"end":{"line":25,"column":17}},"2":{"start":{"line":26,"column":4},"end":{"line":28,"column":7}},"3":{"start":{"line":27,"column":6},"end":{"line":27,"column":31}},"4":{"start":{"line":29,"column":4},"end":{"line":35,"column":7}},"5":{"start":{"line":30,"column":6},"end":{"line":34,"column":7}},"6":{"start":{"line":31,"column":8},"end":{"line":31,"column":75}},"7":{"start":{"line":33,"column":8},"end":{"line":33,"column":47}},"8":{"start":{"line":36,"column":4},"end":{"line":36,"column":28}},"9":{"start":{"line":41,"column":15},"end":{"line":41,"column":35}},"10":{"start":{"line":42,"column":2},"end":{"line":42,"column":64}},"11":{"start":{"line":43,"column":2},"end":{"line":43,"column":16}},"12":{"start":{"line":47,"column":2},"end":{"line":54,"column":4}},"13":{"start":{"line":48,"column":33},"end":{"line":48,"column":55}},"14":{"start":{"line":49,"column":30},"end":{"line":49,"column":49}},"15":{"start":{"line":50,"column":32},"end":{"line":50,"column":53}},"16":{"start":{"line":51,"column":35},"end":{"line":51,"column":59}},"17":{"start":{"line":52,"column":39},"end":{"line":52,"column":67}},"18":{"start":{"line":53,"column":33},"end":{"line":53,"column":55}},"19":{"start":{"line":64,"column":17},"end":{"line":64,"column":55}},"20":{"start":{"line":65,"column":2},"end":{"line":89,"column":3}},"21":{"start":{"line":66,"column":20},"end":{"line":66,"column":44}},"22":{"start":{"line":67,"column":26},"end":{"line":70,"column":16}},"23":{"start":{"line":68,"column":21},"end":{"line":68,"column":48}},"24":{"start":{"line":72,"column":4},"end":{"line":86,"column":5}},"25":{"start":{"line":73,"column":18},"end":{"line":73,"column":49}},"26":{"start":{"line":74,"column":23},"end":{"line":74,"column":61}},"27":{"start":{"line":75,"column":6},"end":{"line":85,"column":7}},"28":{"start":{"line":76,"column":24},"end":{"line":76,"column":53}},"29":{"start":{"line":77,"column":8},"end":{"line":77,"column":31}},"30":{"start":{"line":77,"column":22},"end":{"line":77,"column":31}},"31":{"start":{"line":78,"column":30},"end":{"line":78,"column":61}},"32":{"start":{"line":79,"column":30},"end":{"line":79,"column":63}},"33":{"start":{"line":80,"column":8},"end":{"line":84,"column":10}},"34":{"start":{"line":90,"column":2},"end":{"line":90,"column":14}},"35":{"start":{"line":105,"column":17},"end":{"line":105,"column":31}},"36":{"start":{"line":106,"column":17},"end":{"line":106,"column":52}},"37":{"start":{"line":107,"column":19},"end":{"line":107,"column":34}},"38":{"start":{"line":108,"column":17},"end":{"line":108,"column":36}},"39":{"start":{"line":111,"column":2},"end":{"line":153,"column":3}},"40":{"start":{"line":112,"column":4},"end":{"line":151,"column":5}},"41":{"start":{"line":113,"column":19},"end":{"line":113,"column":38}},"42":{"start":{"line":114,"column":20},"end":{"line":114,"column":54}},"43":{"start":{"line":115,"column":22},"end":{"line":115,"column":58}},"44":{"start":{"line":116,"column":23},"end":{"line":116,"column":58}},"45":{"start":{"line":118,"column":6},"end":{"line":121,"column":7}},"46":{"start":{"line":119,"column":8},"end":{"line":119,"column":74}},"47":{"start":{"line":120,"column":8},"end":{"line":120,"column":20}},"48":{"start":{"line":124,"column":6},"end":{"line":132,"column":7}},"49":{"start":{"line":125,"column":8},"end":{"line":125,"column":81}},"50":{"start":{"line":127,"column":8},"end":{"line":130,"column":9}},"51":{"start":{"line":128,"column":10},"end":{"line":128,"column":68}},"52":{"start":{"line":129,"column":10},"end":{"line":129,"column":22}},"53":{"start":{"line":131,"column":8},"end":{"line":131,"column":18}},"54":{"start":{"line":134,"column":6},"end":{"line":136,"column":7}},"55":{"start":{"line":135,"column":8},"end":{"line":135,"column":81}},"56":{"start":{"line":138,"column":19},"end":{"line":138,"column":49}},"57":{"start":{"line":139,"column":19},"end":{"line":139,"column":88}},"58":{"start":{"line":140,"column":6},"end":{"line":140,"column":43}},"59":{"start":{"line":142,"column":6},"end":{"line":147,"column":9}},"60":{"start":{"line":149,"column":6},"end":{"line":149,"column":57}},"61":{"start":{"line":150,"column":6},"end":{"line":150,"column":64}},"62":{"start":{"line":152,"column":4},"end":{"line":152,"column":16}},"63":{"start":{"line":156,"column":22},"end":{"line":156,"column":72}},"64":{"start":{"line":157,"column":2},"end":{"line":179,"column":3}},"65":{"start":{"line":158,"column":19},"end":{"line":158,"column":34}},"66":{"start":{"line":159,"column":17},"end":{"line":159,"column":32}},"67":{"start":{"line":160,"column":4},"end":{"line":163,"column":5}},"68":{"start":{"line":161,"column":6},"end":{"line":161,"column":80}},"69":{"start":{"line":162,"column":6},"end":{"line":162,"column":18}},"70":{"start":{"line":165,"column":51},"end":{"line":165,"column":55}},"71":{"start":{"line":166,"column":4},"end":{"line":175,"column":5}},"72":{"start":{"line":167,"column":6},"end":{"line":167,"column":61}},"73":{"start":{"line":169,"column":6},"end":{"line":174,"column":7}},"74":{"start":{"line":170,"column":25},"end":{"line":170,"column":73}},"75":{"start":{"line":171,"column":8},"end":{"line":173,"column":9}},"76":{"start":{"line":172,"column":10},"end":{"line":172,"column":48}},"77":{"start":{"line":177,"column":4},"end":{"line":177,"column":68}},"78":{"start":{"line":178,"column":4},"end":{"line":178,"column":16}},"79":{"start":{"line":182,"column":2},"end":{"line":197,"column":3}},"80":{"start":{"line":183,"column":25},"end":{"line":183,"column":58}},"81":{"start":{"line":184,"column":18},"end":{"line":184,"column":85}},"82":{"start":{"line":185,"column":19},"end":{"line":185,"column":86}},"83":{"start":{"line":187,"column":16},"end":{"line":187,"column":27}},"84":{"start":{"line":188,"column":21},"end":{"line":188,"column":86}},"85":{"start":{"line":188,"column":54},"end":{"line":188,"column":79}},"86":{"start":{"line":189,"column":22},"end":{"line":189,"column":60}},"87":{"start":{"line":191,"column":4},"end":{"line":195,"column":7}},"88":{"start":{"line":196,"column":4},"end":{"line":196,"column":16}},"89":{"start":{"line":200,"column":22},"end":{"line":200,"column":80}},"90":{"start":{"line":201,"column":2},"end":{"line":232,"column":3}},"91":{"start":{"line":202,"column":19},"end":{"line":202,"column":34}},"92":{"start":{"line":203,"column":17},"end":{"line":203,"column":32}},"93":{"start":{"line":204,"column":4},"end":{"line":207,"column":5}},"94":{"start":{"line":205,"column":6},"end":{"line":205,"column":80}},"95":{"start":{"line":206,"column":6},"end":{"line":206,"column":18}},"96":{"start":{"line":209,"column":4},"end":{"line":230,"column":5}},"97":{"start":{"line":210,"column":19},"end":{"line":210,"column":38}},"98":{"start":{"line":211,"column":23},"end":{"line":211,"column":47}},"99":{"start":{"line":212,"column":21},"end":{"line":212,"column":49}},"100":{"start":{"line":214,"column":6},"end":{"line":217,"column":7}},"101":{"start":{"line":215,"column":8},"end":{"line":215,"column":79}},"102":{"start":{"line":216,"column":8},"end":{"line":216,"column":20}},"103":{"start":{"line":219,"column":6},"end":{"line":219,"column":53}},"104":{"start":{"line":222,"column":23},"end":{"line":222,"column":68}},"105":{"start":{"line":223,"column":6},"end":{"line":225,"column":7}},"106":{"start":{"line":224,"column":8},"end":{"line":224,"column":46}},"107":{"start":{"line":227,"column":6},"end":{"line":227,"column":77}},"108":{"start":{"line":229,"column":6},"end":{"line":229,"column":64}},"109":{"start":{"line":231,"column":4},"end":{"line":231,"column":16}},"110":{"start":{"line":235,"column":22},"end":{"line":235,"column":72}},"111":{"start":{"line":236,"column":2},"end":{"line":249,"column":3}},"112":{"start":{"line":237,"column":19},"end":{"line":237,"column":34}},"113":{"start":{"line":238,"column":4},"end":{"line":241,"column":5}},"114":{"start":{"line":239,"column":6},"end":{"line":239,"column":80}},"115":{"start":{"line":240,"column":6},"end":{"line":240,"column":18}},"116":{"start":{"line":242,"column":4},"end":{"line":247,"column":5}},"117":{"start":{"line":243,"column":21},"end":{"line":243,"column":43}},"118":{"start":{"line":244,"column":6},"end":{"line":244,"column":29}},"119":{"start":{"line":246,"column":6},"end":{"line":246,"column":64}},"120":{"start":{"line":248,"column":4},"end":{"line":248,"column":16}},"121":{"start":{"line":251,"column":2},"end":{"line":251,"column":15}}},"fnMap":{"0":{"name":"readBody","decl":{"start":{"line":23,"column":15},"end":{"line":23,"column":23}},"loc":{"start":{"line":23,"column":44},"end":{"line":38,"column":1}}},"1":{"name":"(anonymous_1)","decl":{"start":{"line":24,"column":21},"end":{"line":24,"column":22}},"loc":{"start":{"line":24,"column":41},"end":{"line":37,"column":3}}},"2":{"name":"(anonymous_2)","decl":{"start":{"line":26,"column":19},"end":{"line":26,"column":20}},"loc":{"start":{"line":26,"column":37},"end":{"line":28,"column":5}}},"3":{"name":"(anonymous_3)","decl":{"start":{"line":29,"column":18},"end":{"line":29,"column":21}},"loc":{"start":{"line":29,"column":23},"end":{"line":35,"column":5}}},"4":{"name":"send","decl":{"start":{"line":40,"column":9},"end":{"line":40,"column":13}},"loc":{"start":{"line":40,"column":64},"end":{"line":44,"column":1}}},"5":{"name":"statusCounts","decl":{"start":{"line":46,"column":9},"end":{"line":46,"column":21}},"loc":{"start":{"line":46,"column":41},"end":{"line":55,"column":1}}},"6":{"name":"(anonymous_6)","decl":{"start":{"line":48,"column":26},"end":{"line":48,"column":27}},"loc":{"start":{"line":48,"column":33},"end":{"line":48,"column":55}}},"7":{"name":"(anonymous_7)","decl":{"start":{"line":49,"column":23},"end":{"line":49,"column":24}},"loc":{"start":{"line":49,"column":30},"end":{"line":49,"column":49}}},"8":{"name":"(anonymous_8)","decl":{"start":{"line":50,"column":25},"end":{"line":50,"column":26}},"loc":{"start":{"line":50,"column":32},"end":{"line":50,"column":53}}},"9":{"name":"(anonymous_9)","decl":{"start":{"line":51,"column":28},"end":{"line":51,"column":29}},"loc":{"start":{"line":51,"column":35},"end":{"line":51,"column":59}}},"10":{"name":"(anonymous_10)","decl":{"start":{"line":52,"column":32},"end":{"line":52,"column":33}},"loc":{"start":{"line":52,"column":39},"end":{"line":52,"column":67}}},"11":{"name":"(anonymous_11)","decl":{"start":{"line":53,"column":26},"end":{"line":53,"column":27}},"loc":{"start":{"line":53,"column":33},"end":{"line":53,"column":55}}},"12":{"name":"getPendingQuestion","decl":{"start":{"line":63,"column":15},"end":{"line":63,"column":33}},"loc":{"start":{"line":63,"column":46},"end":{"line":91,"column":1}}},"13":{"name":"(anonymous_13)","decl":{"start":{"line":68,"column":14},"end":{"line":68,"column":15}},"loc":{"start":{"line":68,"column":21},"end":{"line":68,"column":48}}},"14":{"name":"handleDispatchRequest","decl":{"start":{"line":101,"column":22},"end":{"line":101,"column":43}},"loc":{"start":{"line":103,"column":21},"end":{"line":252,"column":1}}},"15":{"name":"(anonymous_15)","decl":{"start":{"line":188,"column":47},"end":{"line":188,"column":48}},"loc":{"start":{"line":188,"column":54},"end":{"line":188,"column":79}}}},"branchMap":{"0":{"loc":{"start":{"line":31,"column":16},"end":{"line":31,"column":73}},"type":"cond-expr","locations":[{"start":{"line":31,"column":24},"end":{"line":31,"column":68}},{"start":{"line":31,"column":71},"end":{"line":31,"column":73}}]},"1":{"loc":{"start":{"line":75,"column":6},"end":{"line":85,"column":7}},"type":"if","locations":[{"start":{"line":75,"column":6},"end":{"line":85,"column":7}}]},"2":{"loc":{"start":{"line":77,"column":8},"end":{"line":77,"column":31}},"type":"if","locations":[{"start":{"line":77,"column":8},"end":{"line":77,"column":31}}]},"3":{"loc":{"start":{"line":82,"column":20},"end":{"line":82,"column":52}},"type":"binary-expr","locations":[{"start":{"line":82,"column":20},"end":{"line":82,"column":46}},{"start":{"line":82,"column":50},"end":{"line":82,"column":52}}]},"4":{"loc":{"start":{"line":83,"column":20},"end":{"line":83,"column":52}},"type":"binary-expr","locations":[{"start":{"line":83,"column":20},"end":{"line":83,"column":46}},{"start":{"line":83,"column":50},"end":{"line":83,"column":52}}]},"5":{"loc":{"start":{"line":105,"column":17},"end":{"line":105,"column":31}},"type":"binary-expr","locations":[{"start":{"line":105,"column":17},"end":{"line":105,"column":24}},{"start":{"line":105,"column":28},"end":{"line":105,"column":31}}]},"6":{"loc":{"start":{"line":108,"column":17},"end":{"line":108,"column":36}},"type":"binary-expr","locations":[{"start":{"line":108,"column":17},"end":{"line":108,"column":27}},{"start":{"line":108,"column":31},"end":{"line":108,"column":36}}]},"7":{"loc":{"start":{"line":111,"column":2},"end":{"line":153,"column":3}},"type":"if","locations":[{"start":{"line":111,"column":2},"end":{"line":153,"column":3}}]},"8":{"loc":{"start":{"line":111,"column":6},"end":{"line":111,"column":55}},"type":"binary-expr","locations":[{"start":{"line":111,"column":6},"end":{"line":111,"column":23}},{"start":{"line":111,"column":27},"end":{"line":111,"column":55}}]},"9":{"loc":{"start":{"line":114,"column":27},"end":{"line":114,"column":46}},"type":"binary-expr","locations":[{"start":{"line":114,"column":27},"end":{"line":114,"column":40}},{"start":{"line":114,"column":44},"end":{"line":114,"column":46}}]},"10":{"loc":{"start":{"line":115,"column":29},"end":{"line":115,"column":50}},"type":"binary-expr","locations":[{"start":{"line":115,"column":29},"end":{"line":115,"column":44}},{"start":{"line":115,"column":48},"end":{"line":115,"column":50}}]},"11":{"loc":{"start":{"line":118,"column":6},"end":{"line":121,"column":7}},"type":"if","locations":[{"start":{"line":118,"column":6},"end":{"line":121,"column":7}}]},"12":{"loc":{"start":{"line":125,"column":39},"end":{"line":125,"column":79}},"type":"cond-expr","locations":[{"start":{"line":125,"column":49},"end":{"line":125,"column":71}},{"start":{"line":125,"column":74},"end":{"line":125,"column":79}}]},"13":{"loc":{"start":{"line":127,"column":8},"end":{"line":130,"column":9}},"type":"if","locations":[{"start":{"line":127,"column":8},"end":{"line":130,"column":9}}]},"14":{"loc":{"start":{"line":134,"column":6},"end":{"line":136,"column":7}},"type":"if","locations":[{"start":{"line":134,"column":6},"end":{"line":136,"column":7}}]},"15":{"loc":{"start":{"line":134,"column":10},"end":{"line":134,"column":89}},"type":"binary-expr","locations":[{"start":{"line":134,"column":10},"end":{"line":134,"column":18}},{"start":{"line":134,"column":23},"end":{"line":134,"column":89}}]},"16":{"loc":{"start":{"line":157,"column":2},"end":{"line":179,"column":3}},"type":"if","locations":[{"start":{"line":157,"column":2},"end":{"line":179,"column":3}}]},"17":{"loc":{"start":{"line":157,"column":6},"end":{"line":157,"column":37}},"type":"binary-expr","locations":[{"start":{"line":157,"column":6},"end":{"line":157,"column":22}},{"start":{"line":157,"column":26},"end":{"line":157,"column":37}}]},"18":{"loc":{"start":{"line":160,"column":4},"end":{"line":163,"column":5}},"type":"if","locations":[{"start":{"line":160,"column":4},"end":{"line":163,"column":5}}]},"19":{"loc":{"start":{"line":166,"column":4},"end":{"line":175,"column":5}},"type":"if","locations":[{"start":{"line":166,"column":4},"end":{"line":175,"column":5}}]},"20":{"loc":{"start":{"line":169,"column":6},"end":{"line":174,"column":7}},"type":"if","locations":[{"start":{"line":169,"column":6},"end":{"line":174,"column":7}}]},"21":{"loc":{"start":{"line":171,"column":8},"end":{"line":173,"column":9}},"type":"if","locations":[{"start":{"line":171,"column":8},"end":{"line":173,"column":9}}]},"22":{"loc":{"start":{"line":182,"column":2},"end":{"line":197,"column":3}},"type":"if","locations":[{"start":{"line":182,"column":2},"end":{"line":197,"column":3}}]},"23":{"loc":{"start":{"line":182,"column":6},"end":{"line":182,"column":60}},"type":"binary-expr","locations":[{"start":{"line":182,"column":6},"end":{"line":182,"column":22}},{"start":{"line":182,"column":26},"end":{"line":182,"column":60}}]},"24":{"loc":{"start":{"line":184,"column":39},"end":{"line":184,"column":79}},"type":"binary-expr","locations":[{"start":{"line":184,"column":39},"end":{"line":184,"column":71}},{"start":{"line":184,"column":75},"end":{"line":184,"column":79}}]},"25":{"loc":{"start":{"line":185,"column":40},"end":{"line":185,"column":80}},"type":"binary-expr","locations":[{"start":{"line":185,"column":40},"end":{"line":185,"column":73}},{"start":{"line":185,"column":77},"end":{"line":185,"column":80}}]},"26":{"loc":{"start":{"line":188,"column":21},"end":{"line":188,"column":86}},"type":"cond-expr","locations":[{"start":{"line":188,"column":36},"end":{"line":188,"column":80}},{"start":{"line":188,"column":83},"end":{"line":188,"column":86}}]},"27":{"loc":{"start":{"line":201,"column":2},"end":{"line":232,"column":3}},"type":"if","locations":[{"start":{"line":201,"column":2},"end":{"line":232,"column":3}}]},"28":{"loc":{"start":{"line":201,"column":6},"end":{"line":201,"column":38}},"type":"binary-expr","locations":[{"start":{"line":201,"column":6},"end":{"line":201,"column":23}},{"start":{"line":201,"column":27},"end":{"line":201,"column":38}}]},"29":{"loc":{"start":{"line":204,"column":4},"end":{"line":207,"column":5}},"type":"if","locations":[{"start":{"line":204,"column":4},"end":{"line":207,"column":5}}]},"30":{"loc":{"start":{"line":212,"column":28},"end":{"line":212,"column":48}},"type":"binary-expr","locations":[{"start":{"line":212,"column":28},"end":{"line":212,"column":42}},{"start":{"line":212,"column":46},"end":{"line":212,"column":48}}]},"31":{"loc":{"start":{"line":214,"column":6},"end":{"line":217,"column":7}},"type":"if","locations":[{"start":{"line":214,"column":6},"end":{"line":217,"column":7}}]},"32":{"loc":{"start":{"line":223,"column":6},"end":{"line":225,"column":7}},"type":"if","locations":[{"start":{"line":223,"column":6},"end":{"line":225,"column":7}}]},"33":{"loc":{"start":{"line":236,"column":2},"end":{"line":249,"column":3}},"type":"if","locations":[{"start":{"line":236,"column":2},"end":{"line":249,"column":3}}]},"34":{"loc":{"start":{"line":236,"column":6},"end":{"line":236,"column":40}},"type":"binary-expr","locations":[{"start":{"line":236,"column":6},"end":{"line":236,"column":25}},{"start":{"line":236,"column":29},"end":{"line":236,"column":40}}]},"35":{"loc":{"start":{"line":238,"column":4},"end":{"line":241,"column":5}},"type":"if","locations":[{"start":{"line":238,"column":4},"end":{"line":241,"column":5}}]}},"s":{"0":5,"1":5,"2":5,"3":5,"4":5,"5":5,"6":5,"7":0,"8":5,"9":9,"10":9,"11":9,"12":1,"13":3,"14":3,"15":3,"16":3,"17":3,"18":3,"19":0,"20":0,"21":0,"22":0,"23":0,"24":0,"25":0,"26":0,"27":0,"28":0,"29":0,"30":0,"31":0,"32":0,"33":0,"34":0,"35":9,"36":9,"37":9,"38":9,"39":9,"40":3,"41":3,"42":3,"43":3,"44":3,"45":3,"46":1,"47":1,"48":2,"49":2,"50":1,"51":1,"52":1,"53":0,"54":1,"55":0,"56":1,"57":1,"58":1,"59":1,"60":0,"61":0,"62":1,"63":6,"64":6,"65":2,"66":2,"67":2,"68":1,"69":1,"70":1,"71":1,"72":0,"73":0,"74":0,"75":0,"76":0,"77":1,"78":1,"79":4,"80":1,"81":1,"82":1,"83":1,"84":1,"85":0,"86":1,"87":1,"88":1,"89":3,"90":3,"91":2,"92":2,"93":2,"94":0,"95":0,"96":2,"97":2,"98":2,"99":2,"100":2,"101":1,"102":1,"103":1,"104":1,"105":1,"106":0,"107":1,"108":0,"109":1,"110":1,"111":1,"112":1,"113":1,"114":0,"115":0,"116":1,"117":1,"118":1,"119":0,"120":1,"121":0},"f":{"0":5,"1":5,"2":5,"3":5,"4":9,"5":1,"6":3,"7":3,"8":3,"9":3,"10":3,"11":3,"12":0,"13":0,"14":9,"15":0},"b":{"0":[5,0],"1":[0],"2":[0],"3":[0,0],"4":[0,0],"5":[9,0],"6":[9,0],"7":[3],"8":[9,5],"9":[3,1],"10":[3,2],"11":[1],"12":[1,1],"13":[1],"14":[0],"15":[1,0],"16":[2],"17":[6,3],"18":[1],"19":[0],"20":[0],"21":[0],"22":[1],"23":[4,1],"24":[1,1],"25":[1,1],"26":[0,1],"27":[2],"28":[3,2],"29":[0],"30":[2,0],"31":[1],"32":[0],"33":[1],"34":[1,1],"35":[0]}}
,"C:\\Users\\xx\\Desktop\\Local-AI-Freelance-Agency-OS\\src\\modules\\dispatch\\command-parser.ts": {"path":"C:\\Users\\xx\\Desktop\\Local-AI-Freelance-Agency-OS\\src\\modules\\dispatch\\command-parser.ts","statementMap":{"0":{"start":{"line":12,"column":19},"end":{"line":12,"column":35}},"1":{"start":{"line":16,"column":2},"end":{"line":22,"column":3}},"2":{"start":{"line":17,"column":4},"end":{"line":17,"column":23}},"3":{"start":{"line":18,"column":4},"end":{"line":18,"column":17}},"4":{"start":{"line":20,"column":4},"end":{"line":20,"column":42}},"5":{"start":{"line":21,"column":4},"end":{"line":21,"column":45}},"6":{"start":{"line":24,"column":16},"end":{"line":24,"column":36}},"7":{"start":{"line":26,"column":2},"end":{"line":26,"column":48}},"8":{"start":{"line":33,"column":15},"end":{"line":33,"column":64}},"9":{"start":{"line":34,"column":2},"end":{"line":34,"column":58}}},"fnMap":{"0":{"name":"parseDispatchCommand","decl":{"start":{"line":11,"column":16},"end":{"line":11,"column":36}},"loc":{"start":{"line":11,"column":48},"end":{"line":27,"column":1}}},"1":{"name":"resolveTaskSlug","decl":{"start":{"line":32,"column":22},"end":{"line":32,"column":37}},"loc":{"start":{"line":32,"column":62},"end":{"line":35,"column":1}}}},"branchMap":{"0":{"loc":{"start":{"line":16,"column":2},"end":{"line":22,"column":3}},"type":"if","locations":[{"start":{"line":16,"column":2},"end":{"line":22,"column":3}},{"start":{"line":19,"column":9},"end":{"line":22,"column":3}}]}},"s":{"0":12,"1":12,"2":8,"3":8,"4":4,"5":4,"6":12,"7":10,"8":3,"9":3},"f":{"0":12,"1":3},"b":{"0":[8,4]}}
,"C:\\Users\\xx\\Desktop\\Local-AI-Freelance-Agency-OS\\src\\modules\\dispatch\\ipc-manager.ts": {"path":"C:\\Users\\xx\\Desktop\\Local-AI-Freelance-Agency-OS\\src\\modules\\dispatch\\ipc-manager.ts","statementMap":{"0":{"start":{"line":9,"column":2},"end":{"line":9,"column":52}},"1":{"start":{"line":13,"column":2},"end":{"line":13,"column":38}},"2":{"start":{"line":27,"column":19},"end":{"line":27,"column":84}},"3":{"start":{"line":28,"column":18},"end":{"line":28,"column":83}},"4":{"start":{"line":29,"column":2},"end":{"line":29,"column":85}},"5":{"start":{"line":30,"column":2},"end":{"line":30,"column":38}},"6":{"start":{"line":42,"column":21},"end":{"line":42,"column":73}},"7":{"start":{"line":43,"column":2},"end":{"line":43,"column":51}},"8":{"start":{"line":43,"column":39},"end":{"line":43,"column":51}},"9":{"start":{"line":45,"column":18},"end":{"line":45,"column":44}},"10":{"start":{"line":46,"column":2},"end":{"line":46,"column":59}},"11":{"start":{"line":46,"column":47},"end":{"line":46,"column":59}},"12":{"start":{"line":48,"column":19},"end":{"line":48,"column":69}},"13":{"start":{"line":49,"column":2},"end":{"line":49,"column":56}},"14":{"start":{"line":51,"column":2},"end":{"line":51,"column":24}},"15":{"start":{"line":62,"column":2},"end":{"line":64,"column":3}},"16":{"start":{"line":63,"column":4},"end":{"line":63,"column":46}},"17":{"start":{"line":65,"column":2},"end":{"line":65,"column":82}},"18":{"start":{"line":75,"column":23},"end":{"line":75,"column":77}},"19":{"start":{"line":76,"column":18},"end":{"line":76,"column":46}},"20":{"start":{"line":77,"column":2},"end":{"line":77,"column":29}},"21":{"start":{"line":77,"column":16},"end":{"line":77,"column":29}},"22":{"start":{"line":79,"column":16},"end":{"line":79,"column":49}},"23":{"start":{"line":80,"column":2},"end":{"line":80,"column":40}},"24":{"start":{"line":80,"column":27},"end":{"line":80,"column":40}},"25":{"start":{"line":82,"column":2},"end":{"line":82,"column":48}},"26":{"start":{"line":93,"column":23},"end":{"line":93,"column":77}},"27":{"start":{"line":94,"column":2},"end":{"line":94,"column":32}},"28":{"start":{"line":109,"column":16},"end":{"line":112,"column":4}},"29":{"start":{"line":113,"column":2},"end":{"line":116,"column":3}},"30":{"start":{"line":114,"column":4},"end":{"line":114,"column":26}},"31":{"start":{"line":115,"column":4},"end":{"line":115,"column":92}},"32":{"start":{"line":115,"column":36},"end":{"line":115,"column":90}},"33":{"start":{"line":117,"column":2},"end":{"line":117,"column":41}},"34":{"start":{"line":118,"column":2},"end":{"line":118,"column":26}}},"fnMap":{"0":{"name":"ipcDir","decl":{"start":{"line":8,"column":9},"end":{"line":8,"column":15}},"loc":{"start":{"line":8,"column":32},"end":{"line":10,"column":1}}},"1":{"name":"seqStr","decl":{"start":{"line":12,"column":9},"end":{"line":12,"column":15}},"loc":{"start":{"line":12,"column":27},"end":{"line":14,"column":1}}},"2":{"name":"askAndPause","decl":{"start":{"line":20,"column":22},"end":{"line":20,"column":33}},"loc":{"start":{"line":25,"column":20},"end":{"line":31,"column":1}}},"3":{"name":"checkPendingAnswer","decl":{"start":{"line":38,"column":22},"end":{"line":38,"column":40}},"loc":{"start":{"line":40,"column":13},"end":{"line":52,"column":1}}},"4":{"name":"writeAnswer","decl":{"start":{"line":57,"column":22},"end":{"line":57,"column":33}},"loc":{"start":{"line":60,"column":16},"end":{"line":66,"column":1}}},"5":{"name":"isQuestionTimedOut","decl":{"start":{"line":71,"column":22},"end":{"line":71,"column":40}},"loc":{"start":{"line":73,"column":13},"end":{"line":83,"column":1}}},"6":{"name":"readQuestion","decl":{"start":{"line":89,"column":22},"end":{"line":89,"column":34}},"loc":{"start":{"line":91,"column":13},"end":{"line":95,"column":1}}},"7":{"name":"buildQuestionContent","decl":{"start":{"line":108,"column":9},"end":{"line":108,"column":29}},"loc":{"start":{"line":108,"column":50},"end":{"line":119,"column":1}}},"8":{"name":"(anonymous_8)","decl":{"start":{"line":115,"column":24},"end":{"line":115,"column":25}},"loc":{"start":{"line":115,"column":36},"end":{"line":115,"column":90}}}},"branchMap":{"0":{"loc":{"start":{"line":43,"column":2},"end":{"line":43,"column":51}},"type":"if","locations":[{"start":{"line":43,"column":2},"end":{"line":43,"column":51}}]},"1":{"loc":{"start":{"line":46,"column":2},"end":{"line":46,"column":59}},"type":"if","locations":[{"start":{"line":46,"column":2},"end":{"line":46,"column":59}}]},"2":{"loc":{"start":{"line":46,"column":6},"end":{"line":46,"column":45}},"type":"binary-expr","locations":[{"start":{"line":46,"column":6},"end":{"line":46,"column":14}},{"start":{"line":46,"column":18},"end":{"line":46,"column":45}}]},"3":{"loc":{"start":{"line":62,"column":2},"end":{"line":64,"column":3}},"type":"if","locations":[{"start":{"line":62,"column":2},"end":{"line":64,"column":3}}]},"4":{"loc":{"start":{"line":77,"column":2},"end":{"line":77,"column":29}},"type":"if","locations":[{"start":{"line":77,"column":2},"end":{"line":77,"column":29}}]},"5":{"loc":{"start":{"line":80,"column":2},"end":{"line":80,"column":40}},"type":"if","locations":[{"start":{"line":80,"column":2},"end":{"line":80,"column":40}}]},"6":{"loc":{"start":{"line":80,"column":6},"end":{"line":80,"column":25}},"type":"binary-expr","locations":[{"start":{"line":80,"column":6},"end":{"line":80,"column":12}},{"start":{"line":80,"column":16},"end":{"line":80,"column":25}}]},"7":{"loc":{"start":{"line":113,"column":2},"end":{"line":116,"column":3}},"type":"if","locations":[{"start":{"line":113,"column":2},"end":{"line":116,"column":3}}]},"8":{"loc":{"start":{"line":113,"column":6},"end":{"line":113,"column":43}},"type":"binary-expr","locations":[{"start":{"line":113,"column":6},"end":{"line":113,"column":17}},{"start":{"line":113,"column":21},"end":{"line":113,"column":43}}]}},"s":{"0":13,"1":13,"2":3,"3":3,"4":3,"5":3,"6":4,"7":4,"8":1,"9":3,"10":3,"11":1,"12":2,"13":2,"14":2,"15":3,"16":2,"17":1,"18":3,"19":3,"20":3,"21":1,"22":2,"23":2,"24":0,"25":2,"26":0,"27":0,"28":3,"29":3,"30":1,"31":1,"32":2,"33":3,"34":3},"f":{"0":13,"1":13,"2":3,"3":4,"4":3,"5":3,"6":0,"7":3,"8":2},"b":{"0":[1],"1":[1],"2":[3,3],"3":[2],"4":[1],"5":[0],"6":[2,2],"7":[1],"8":[3,1]}}
,"C:\\Users\\xx\\Desktop\\Local-AI-Freelance-Agency-OS\\src\\modules\\dispatch\\plan-manager.ts": {"path":"C:\\Users\\xx\\Desktop\\Local-AI-Freelance-Agency-OS\\src\\modules\\dispatch\\plan-manager.ts","statementMap":{"0":{"start":{"line":5,"column":60},"end":{"line":10,"column":2}},"1":{"start":{"line":12,"column":61},"end":{"line":17,"column":2}},"2":{"start":{"line":23,"column":33},"end":{"line":23,"column":35}},"3":{"start":{"line":24,"column":16},"end":{"line":24,"column":35}},"4":{"start":{"line":25,"column":14},"end":{"line":25,"column":15}},"5":{"start":{"line":27,"column":2},"end":{"line":39,"column":3}},"6":{"start":{"line":28,"column":18},"end":{"line":28,"column":71}},"7":{"start":{"line":29,"column":4},"end":{"line":29,"column":25}},"8":{"start":{"line":29,"column":16},"end":{"line":29,"column":25}},"9":{"start":{"line":30,"column":49},"end":{"line":30,"column":54}},"10":{"start":{"line":31,"column":19},"end":{"line":31,"column":58}},"11":{"start":{"line":32,"column":4},"end":{"line":37,"column":7}},"12":{"start":{"line":38,"column":4},"end":{"line":38,"column":12}},"13":{"start":{"line":41,"column":2},"end":{"line":41,"column":15}},"14":{"start":{"line":53,"column":2},"end":{"line":55,"column":4}},"15":{"start":{"line":54,"column":4},"end":{"line":54,"column":59}},"16":{"start":{"line":66,"column":16},"end":{"line":66,"column":43}},"17":{"start":{"line":67,"column":16},"end":{"line":67,"column":17}},"18":{"start":{"line":68,"column":27},"end":{"line":68,"column":29}},"19":{"start":{"line":70,"column":2},"end":{"line":79,"column":3}},"20":{"start":{"line":71,"column":4},"end":{"line":78,"column":5}},"21":{"start":{"line":72,"column":19},"end":{"line":72,"column":36}},"22":{"start":{"line":73,"column":19},"end":{"line":73,"column":43}},"23":{"start":{"line":74,"column":19},"end":{"line":74,"column":59}},"24":{"start":{"line":75,"column":6},"end":{"line":75,"column":78}},"25":{"start":{"line":77,"column":6},"end":{"line":77,"column":24}},"26":{"start":{"line":81,"column":2},"end":{"line":81,"column":27}},"27":{"start":{"line":93,"column":18},"end":{"line":93,"column":50}},"28":{"start":{"line":94,"column":16},"end":{"line":94,"column":67}},"29":{"start":{"line":95,"column":2},"end":{"line":95,"column":59}},"30":{"start":{"line":103,"column":18},"end":{"line":103,"column":50}},"31":{"start":{"line":104,"column":16},"end":{"line":104,"column":90}},"32":{"start":{"line":105,"column":2},"end":{"line":105,"column":59}},"33":{"start":{"line":113,"column":18},"end":{"line":113,"column":50}},"34":{"start":{"line":114,"column":16},"end":{"line":114,"column":81}},"35":{"start":{"line":115,"column":2},"end":{"line":115,"column":59}}},"fnMap":{"0":{"name":"parsePlan","decl":{"start":{"line":22,"column":16},"end":{"line":22,"column":25}},"loc":{"start":{"line":22,"column":41},"end":{"line":42,"column":1}}},"1":{"name":"updateItem","decl":{"start":{"line":47,"column":16},"end":{"line":47,"column":26}},"loc":{"start":{"line":51,"column":15},"end":{"line":56,"column":1}}},"2":{"name":"(anonymous_2)","decl":{"start":{"line":53,"column":19},"end":{"line":53,"column":20}},"loc":{"start":{"line":54,"column":4},"end":{"line":54,"column":59}}},"3":{"name":"serializePlan","decl":{"start":{"line":62,"column":16},"end":{"line":62,"column":29}},"loc":{"start":{"line":64,"column":24},"end":{"line":82,"column":1}}},"4":{"name":"markItemDone","decl":{"start":{"line":88,"column":22},"end":{"line":88,"column":34}},"loc":{"start":{"line":91,"column":15},"end":{"line":96,"column":1}}},"5":{"name":"markItemQuestion","decl":{"start":{"line":98,"column":22},"end":{"line":98,"column":38}},"loc":{"start":{"line":101,"column":18},"end":{"line":106,"column":1}}},"6":{"name":"markItemError","decl":{"start":{"line":108,"column":22},"end":{"line":108,"column":35}},"loc":{"start":{"line":111,"column":15},"end":{"line":116,"column":1}}}},"branchMap":{"0":{"loc":{"start":{"line":29,"column":4},"end":{"line":29,"column":25}},"type":"if","locations":[{"start":{"line":29,"column":4},"end":{"line":29,"column":25}}]},"1":{"loc":{"start":{"line":31,"column":19},"end":{"line":31,"column":58}},"type":"binary-expr","locations":[{"start":{"line":31,"column":19},"end":{"line":31,"column":48}},{"start":{"line":31,"column":52},"end":{"line":31,"column":58}}]},"2":{"loc":{"start":{"line":31,"column":30},"end":{"line":31,"column":47}},"type":"binary-expr","locations":[{"start":{"line":31,"column":30},"end":{"line":31,"column":40}},{"start":{"line":31,"column":44},"end":{"line":31,"column":47}}]},"3":{"loc":{"start":{"line":35,"column":19},"end":{"line":35,"column":44}},"type":"binary-expr","locations":[{"start":{"line":35,"column":19},"end":{"line":35,"column":38}},{"start":{"line":35,"column":42},"end":{"line":35,"column":44}}]},"4":{"loc":{"start":{"line":36,"column":12},"end":{"line":36,"column":40}},"type":"binary-expr","locations":[{"start":{"line":36,"column":12},"end":{"line":36,"column":27}},{"start":{"line":36,"column":31},"end":{"line":36,"column":40}}]},"5":{"loc":{"start":{"line":54,"column":4},"end":{"line":54,"column":59}},"type":"cond-expr","locations":[{"start":{"line":54,"column":27},"end":{"line":54,"column":52}},{"start":{"line":54,"column":55},"end":{"line":54,"column":59}}]},"6":{"loc":{"start":{"line":71,"column":4},"end":{"line":78,"column":5}},"type":"if","locations":[{"start":{"line":71,"column":4},"end":{"line":78,"column":5}},{"start":{"line":76,"column":11},"end":{"line":78,"column":5}}]},"7":{"loc":{"start":{"line":71,"column":8},"end":{"line":71,"column":55}},"type":"binary-expr","locations":[{"start":{"line":71,"column":8},"end":{"line":71,"column":29}},{"start":{"line":71,"column":33},"end":{"line":71,"column":55}}]},"8":{"loc":{"start":{"line":74,"column":19},"end":{"line":74,"column":59}},"type":"cond-expr","locations":[{"start":{"line":74,"column":31},"end":{"line":74,"column":54}},{"start":{"line":74,"column":57},"end":{"line":74,"column":59}}]},"9":{"loc":{"start":{"line":75,"column":52},"end":{"line":75,"column":74}},"type":"cond-expr","locations":[{"start":{"line":75,"column":59},"end":{"line":75,"column":69}},{"start":{"line":75,"column":72},"end":{"line":75,"column":74}}]},"10":{"loc":{"start":{"line":93,"column":18},"end":{"line":93,"column":50}},"type":"binary-expr","locations":[{"start":{"line":93,"column":19},"end":{"line":93,"column":43}},{"start":{"line":93,"column":48},"end":{"line":93,"column":50}}]},"11":{"loc":{"start":{"line":103,"column":18},"end":{"line":103,"column":50}},"type":"binary-expr","locations":[{"start":{"line":103,"column":19},"end":{"line":103,"column":43}},{"start":{"line":103,"column":48},"end":{"line":103,"column":50}}]},"12":{"loc":{"start":{"line":113,"column":18},"end":{"line":113,"column":50}},"type":"binary-expr","locations":[{"start":{"line":113,"column":19},"end":{"line":113,"column":43}},{"start":{"line":113,"column":48},"end":{"line":113,"column":50}}]}},"s":{"0":2,"1":2,"2":21,"3":21,"4":21,"5":21,"6":113,"7":113,"8":59,"9":54,"10":54,"11":54,"12":54,"13":21,"14":10,"15":28,"16":9,"17":9,"18":9,"19":9,"20":52,"21":25,"22":25,"23":25,"24":25,"25":27,"26":9,"27":3,"28":3,"29":3,"30":1,"31":1,"32":1,"33":1,"34":1,"35":1},"f":{"0":21,"1":10,"2":28,"3":9,"4":3,"5":1,"6":1},"b":{"0":[59],"1":[54,0],"2":[54,0],"3":[54,0],"4":[54,37],"5":[10,18],"6":[25,27],"7":[52,25],"8":[15,10],"9":[15,10],"10":[3,0],"11":[1,0],"12":[1,0]}}
,"C:\\Users\\xx\\Desktop\\Local-AI-Freelance-Agency-OS\\src\\modules\\dispatch\\task-runner.ts": {"path":"C:\\Users\\xx\\Desktop\\Local-AI-Freelance-Agency-OS\\src\\modules\\dispatch\\task-runner.ts","statementMap":{"0":{"start":{"line":12,"column":18},"end":{"line":12,"column":47}},"1":{"start":{"line":13,"column":19},"end":{"line":13,"column":56}},"2":{"start":{"line":20,"column":2},"end":{"line":25,"column":3}},"3":{"start":{"line":21,"column":17},"end":{"line":21,"column":65}},"4":{"start":{"line":22,"column":4},"end":{"line":22,"column":40}},"5":{"start":{"line":24,"column":4},"end":{"line":24,"column":52}},"6":{"start":{"line":33,"column":18},"end":{"line":33,"column":44}},"7":{"start":{"line":34,"column":2},"end":{"line":34,"column":23}},"8":{"start":{"line":34,"column":16},"end":{"line":34,"column":23}},"9":{"start":{"line":35,"column":2},"end":{"line":41,"column":3}},"10":{"start":{"line":36,"column":20},"end":{"line":36,"column":55}},"11":{"start":{"line":37,"column":4},"end":{"line":37,"column":52}},"12":{"start":{"line":37,"column":29},"end":{"line":37,"column":52}},"13":{"start":{"line":38,"column":4},"end":{"line":38,"column":69}},"14":{"start":{"line":40,"column":4},"end":{"line":40,"column":69}},"15":{"start":{"line":58,"column":16},"end":{"line":58,"column":36}},"16":{"start":{"line":59,"column":13},"end":{"line":59,"column":21}},"17":{"start":{"line":60,"column":14},"end":{"line":60,"column":38}},"18":{"start":{"line":61,"column":18},"end":{"line":61,"column":52}},"19":{"start":{"line":62,"column":19},"end":{"line":62,"column":39}},"20":{"start":{"line":65,"column":19},"end":{"line":71,"column":4}},"21":{"start":{"line":72,"column":2},"end":{"line":72,"column":38}},"22":{"start":{"line":73,"column":2},"end":{"line":73,"column":49}},"23":{"start":{"line":75,"column":29},"end":{"line":84,"column":4}},"24":{"start":{"line":86,"column":2},"end":{"line":86,"column":28}},"25":{"start":{"line":87,"column":2},"end":{"line":87,"column":20}},"26":{"start":{"line":88,"column":2},"end":{"line":88,"column":51}},"27":{"start":{"line":89,"column":2},"end":{"line":89,"column":16}},"28":{"start":{"line":100,"column":17},"end":{"line":100,"column":38}},"29":{"start":{"line":101,"column":2},"end":{"line":101,"column":60}},"30":{"start":{"line":101,"column":15},"end":{"line":101,"column":60}},"31":{"start":{"line":103,"column":30},"end":{"line":108,"column":4}},"32":{"start":{"line":109,"column":2},"end":{"line":109,"column":33}},"33":{"start":{"line":111,"column":2},"end":{"line":111,"column":37}},"34":{"start":{"line":111,"column":26},"end":{"line":111,"column":35}},"35":{"start":{"line":112,"column":2},"end":{"line":112,"column":17}},"36":{"start":{"line":116,"column":2},"end":{"line":116,"column":31}},"37":{"start":{"line":120,"column":2},"end":{"line":120,"column":33}},"38":{"start":{"line":132,"column":2},"end":{"line":132,"column":73}},"39":{"start":{"line":133,"column":2},"end":{"line":133,"column":76}},"40":{"start":{"line":153,"column":17},"end":{"line":153,"column":38}},"41":{"start":{"line":154,"column":2},"end":{"line":154,"column":60}},"42":{"start":{"line":154,"column":15},"end":{"line":154,"column":60}},"43":{"start":{"line":156,"column":2},"end":{"line":170,"column":3}},"44":{"start":{"line":157,"column":24},"end":{"line":157,"column":29}},"45":{"start":{"line":160,"column":4},"end":{"line":166,"column":5}},"46":{"start":{"line":161,"column":26},"end":{"line":161,"column":78}},"47":{"start":{"line":162,"column":6},"end":{"line":164,"column":7}},"48":{"start":{"line":163,"column":8},"end":{"line":163,"column":53}},"49":{"start":{"line":165,"column":6},"end":{"line":165,"column":27}},"50":{"start":{"line":168,"column":4},"end":{"line":168,"column":69}},"51":{"start":{"line":169,"column":4},"end":{"line":169,"column":48}},"52":{"start":{"line":172,"column":2},"end":{"line":176,"column":3}},"53":{"start":{"line":173,"column":4},"end":{"line":173,"column":29}},"54":{"start":{"line":174,"column":4},"end":{"line":174,"column":22}},"55":{"start":{"line":175,"column":4},"end":{"line":175,"column":57}},"56":{"start":{"line":179,"column":2},"end":{"line":179,"column":27}},"57":{"start":{"line":180,"column":2},"end":{"line":180,"column":20}},"58":{"start":{"line":181,"column":2},"end":{"line":181,"column":53}}},"fnMap":{"0":{"name":"saveTasks","decl":{"start":{"line":19,"column":15},"end":{"line":19,"column":24}},"loc":{"start":{"line":19,"column":24},"end":{"line":26,"column":1}}},"1":{"name":"loadTasks","decl":{"start":{"line":32,"column":22},"end":{"line":32,"column":31}},"loc":{"start":{"line":32,"column":31},"end":{"line":42,"column":1}}},"2":{"name":"createTask","decl":{"start":{"line":52,"column":22},"end":{"line":52,"column":32}},"loc":{"start":{"line":56,"column":36},"end":{"line":90,"column":1}}},"3":{"name":"updateTaskStatus","decl":{"start":{"line":95,"column":16},"end":{"line":95,"column":32}},"loc":{"start":{"line":98,"column":72},"end":{"line":113,"column":1}}},"4":{"name":"(anonymous_4)","decl":{"start":{"line":111,"column":20},"end":{"line":111,"column":23}},"loc":{"start":{"line":111,"column":26},"end":{"line":111,"column":35}}},"5":{"name":"getTask","decl":{"start":{"line":115,"column":16},"end":{"line":115,"column":23}},"loc":{"start":{"line":115,"column":38},"end":{"line":117,"column":1}}},"6":{"name":"listTasks","decl":{"start":{"line":119,"column":16},"end":{"line":119,"column":25}},"loc":{"start":{"line":119,"column":25},"end":{"line":121,"column":1}}},"7":{"name":"handleWaitingForInput","decl":{"start":{"line":127,"column":16},"end":{"line":127,"column":37}},"loc":{"start":{"line":130,"column":25},"end":{"line":134,"column":1}}},"8":{"name":"stopTask","decl":{"start":{"line":152,"column":22},"end":{"line":152,"column":30}},"loc":{"start":{"line":152,"column":45},"end":{"line":182,"column":1}}}},"branchMap":{"0":{"loc":{"start":{"line":34,"column":2},"end":{"line":34,"column":23}},"type":"if","locations":[{"start":{"line":34,"column":2},"end":{"line":34,"column":23}}]},"1":{"loc":{"start":{"line":101,"column":2},"end":{"line":101,"column":60}},"type":"if","locations":[{"start":{"line":101,"column":2},"end":{"line":101,"column":60}}]},"2":{"loc":{"start":{"line":154,"column":2},"end":{"line":154,"column":60}},"type":"if","locations":[{"start":{"line":154,"column":2},"end":{"line":154,"column":60}}]},"3":{"loc":{"start":{"line":156,"column":2},"end":{"line":170,"column":3}},"type":"if","locations":[{"start":{"line":156,"column":2},"end":{"line":170,"column":3}}]},"4":{"loc":{"start":{"line":156,"column":6},"end":{"line":156,"column":70}},"type":"binary-expr","locations":[{"start":{"line":156,"column":6},"end":{"line":156,"column":33}},{"start":{"line":156,"column":37},"end":{"line":156,"column":70}}]},"5":{"loc":{"start":{"line":160,"column":4},"end":{"line":166,"column":5}},"type":"if","locations":[{"start":{"line":160,"column":4},"end":{"line":166,"column":5}}]},"6":{"loc":{"start":{"line":162,"column":6},"end":{"line":164,"column":7}},"type":"if","locations":[{"start":{"line":162,"column":6},"end":{"line":164,"column":7}}]},"7":{"loc":{"start":{"line":172,"column":2},"end":{"line":176,"column":3}},"type":"if","locations":[{"start":{"line":172,"column":2},"end":{"line":176,"column":3}}]}},"s":{"0":2,"1":2,"2":28,"3":28,"4":28,"5":0,"6":0,"7":0,"8":0,"9":0,"10":0,"11":0,"12":0,"13":0,"14":0,"15":15,"16":15,"17":15,"18":15,"19":15,"20":15,"21":15,"22":15,"23":15,"24":15,"25":15,"26":15,"27":15,"28":12,"29":12,"30":1,"31":11,"32":11,"33":11,"34":0,"35":11,"36":2,"37":2,"38":0,"39":0,"40":5,"41":5,"42":1,"43":4,"44":2,"45":2,"46":1,"47":1,"48":1,"49":1,"50":2,"51":2,"52":2,"53":1,"54":1,"55":1,"56":1,"57":1,"58":1},"f":{"0":28,"1":0,"2":15,"3":12,"4":0,"5":2,"6":2,"7":0,"8":5},"b":{"0":[0],"1":[1],"2":[1],"3":[2],"4":[4,2],"5":[1],"6":[1],"7":[1]}}
,"C:\\Users\\xx\\Desktop\\Local-AI-Freelance-Agency-OS\\src\\modules\\dispatch\\template-engine.ts": {"path":"C:\\Users\\xx\\Desktop\\Local-AI-Freelance-Agency-OS\\src\\modules\\dispatch\\template-engine.ts","statementMap":{"0":{"start":{"line":21,"column":14},"end":{"line":21,"column":42}},"1":{"start":{"line":22,"column":2},"end":{"line":24,"column":3}},"2":{"start":{"line":23,"column":4},"end":{"line":23,"column":59}},"3":{"start":{"line":25,"column":19},"end":{"line":25,"column":42}},"4":{"start":{"line":26,"column":2},"end":{"line":26,"column":24}}},"fnMap":{"0":{"name":"renderTemplate","decl":{"start":{"line":17,"column":22},"end":{"line":17,"column":36}},"loc":{"start":{"line":19,"column":20},"end":{"line":27,"column":1}}}},"branchMap":{"0":{"loc":{"start":{"line":22,"column":2},"end":{"line":24,"column":3}},"type":"if","locations":[{"start":{"line":22,"column":2},"end":{"line":24,"column":3}}]}},"s":{"0":0,"1":0,"2":0,"3":0,"4":0},"f":{"0":0},"b":{"0":[0]}}
,"C:\\Users\\xx\\Desktop\\Local-AI-Freelance-Agency-OS\\src\\modules\\intake\\api.ts": {"path":"C:\\Users\\xx\\Desktop\\Local-AI-Freelance-Agency-OS\\src\\modules\\intake\\api.ts","statementMap":{"0":{"start":{"line":13,"column":2},"end":{"line":23,"column":5}},"1":{"start":{"line":14,"column":4},"end":{"line":22,"column":7}},"2":{"start":{"line":15,"column":6},"end":{"line":15,"column":77}},"3":{"start":{"line":16,"column":6},"end":{"line":21,"column":7}},"4":{"start":{"line":17,"column":8},"end":{"line":17,"column":67}},"5":{"start":{"line":18,"column":8},"end":{"line":20,"column":10}},"6":{"start":{"line":30,"column":2},"end":{"line":34,"column":3}},"7":{"start":{"line":31,"column":4},"end":{"line":31,"column":63}},"8":{"start":{"line":32,"column":4},"end":{"line":32,"column":71}},"9":{"start":{"line":33,"column":4},"end":{"line":33,"column":11}},"10":{"start":{"line":37,"column":2},"end":{"line":43,"column":3}},"11":{"start":{"line":38,"column":4},"end":{"line":38,"column":31}},"12":{"start":{"line":40,"column":4},"end":{"line":40,"column":63}},"13":{"start":{"line":41,"column":4},"end":{"line":41,"column":89}},"14":{"start":{"line":42,"column":4},"end":{"line":42,"column":11}},"15":{"start":{"line":46,"column":2},"end":{"line":52,"column":3}},"16":{"start":{"line":47,"column":4},"end":{"line":47,"column":55}},"17":{"start":{"line":49,"column":4},"end":{"line":49,"column":63}},"18":{"start":{"line":50,"column":4},"end":{"line":50,"column":79}},"19":{"start":{"line":51,"column":4},"end":{"line":51,"column":11}},"20":{"start":{"line":54,"column":76},"end":{"line":54,"column":80}},"21":{"start":{"line":56,"column":2},"end":{"line":65,"column":3}},"22":{"start":{"line":57,"column":4},"end":{"line":57,"column":63}},"23":{"start":{"line":58,"column":4},"end":{"line":63,"column":6}},"24":{"start":{"line":64,"column":4},"end":{"line":64,"column":11}},"25":{"start":{"line":67,"column":2},"end":{"line":76,"column":3}},"26":{"start":{"line":68,"column":4},"end":{"line":68,"column":63}},"27":{"start":{"line":69,"column":4},"end":{"line":74,"column":6}},"28":{"start":{"line":75,"column":4},"end":{"line":75,"column":11}},"29":{"start":{"line":78,"column":35},"end":{"line":90,"column":4}},"30":{"start":{"line":92,"column":2},"end":{"line":111,"column":3}},"31":{"start":{"line":93,"column":19},"end":{"line":93,"column":47}},"32":{"start":{"line":94,"column":4},"end":{"line":94,"column":63}},"33":{"start":{"line":95,"column":4},"end":{"line":101,"column":6}},"34":{"start":{"line":102,"column":4},"end":{"line":104,"column":7}},"35":{"start":{"line":106,"column":4},"end":{"line":106,"column":80}},"36":{"start":{"line":107,"column":4},"end":{"line":107,"column":63}},"37":{"start":{"line":108,"column":4},"end":{"line":110,"column":6}},"38":{"start":{"line":115,"column":2},"end":{"line":120,"column":5}},"39":{"start":{"line":116,"column":29},"end":{"line":116,"column":31}},"40":{"start":{"line":117,"column":4},"end":{"line":117,"column":58}},"41":{"start":{"line":117,"column":38},"end":{"line":117,"column":56}},"42":{"start":{"line":118,"column":4},"end":{"line":118,"column":74}},"43":{"start":{"line":118,"column":24},"end":{"line":118,"column":72}},"44":{"start":{"line":119,"column":4},"end":{"line":119,"column":28}}},"fnMap":{"0":{"name":"createIntakeServer","decl":{"start":{"line":12,"column":16},"end":{"line":12,"column":34}},"loc":{"start":{"line":12,"column":34},"end":{"line":24,"column":1}}},"1":{"name":"(anonymous_1)","decl":{"start":{"line":13,"column":27},"end":{"line":13,"column":28}},"loc":{"start":{"line":13,"column":40},"end":{"line":23,"column":3}}},"2":{"name":"(anonymous_2)","decl":{"start":{"line":14,"column":34},"end":{"line":14,"column":35}},"loc":{"start":{"line":14,"column":51},"end":{"line":22,"column":5}}},"3":{"name":"handleRequest","decl":{"start":{"line":26,"column":15},"end":{"line":26,"column":28}},"loc":{"start":{"line":28,"column":26},"end":{"line":112,"column":1}}},"4":{"name":"readBody","decl":{"start":{"line":114,"column":9},"end":{"line":114,"column":17}},"loc":{"start":{"line":114,"column":43},"end":{"line":121,"column":1}}},"5":{"name":"(anonymous_5)","decl":{"start":{"line":115,"column":21},"end":{"line":115,"column":22}},"loc":{"start":{"line":115,"column":41},"end":{"line":120,"column":3}}},"6":{"name":"(anonymous_6)","decl":{"start":{"line":117,"column":19},"end":{"line":117,"column":20}},"loc":{"start":{"line":117,"column":38},"end":{"line":117,"column":56}}},"7":{"name":"(anonymous_7)","decl":{"start":{"line":118,"column":18},"end":{"line":118,"column":21}},"loc":{"start":{"line":118,"column":24},"end":{"line":118,"column":72}}}},"branchMap":{"0":{"loc":{"start":{"line":16,"column":6},"end":{"line":21,"column":7}},"type":"if","locations":[{"start":{"line":16,"column":6},"end":{"line":21,"column":7}}]},"1":{"loc":{"start":{"line":30,"column":2},"end":{"line":34,"column":3}},"type":"if","locations":[{"start":{"line":30,"column":2},"end":{"line":34,"column":3}}]},"2":{"loc":{"start":{"line":30,"column":6},"end":{"line":30,"column":56}},"type":"binary-expr","locations":[{"start":{"line":30,"column":6},"end":{"line":30,"column":27}},{"start":{"line":30,"column":31},"end":{"line":30,"column":56}}]},"3":{"loc":{"start":{"line":56,"column":2},"end":{"line":65,"column":3}},"type":"if","locations":[{"start":{"line":56,"column":2},"end":{"line":65,"column":3}}]},"4":{"loc":{"start":{"line":56,"column":6},"end":{"line":56,"column":85}},"type":"binary-expr","locations":[{"start":{"line":56,"column":6},"end":{"line":56,"column":19}},{"start":{"line":56,"column":23},"end":{"line":56,"column":55}},{"start":{"line":56,"column":59},"end":{"line":56,"column":85}}]},"5":{"loc":{"start":{"line":67,"column":2},"end":{"line":76,"column":3}},"type":"if","locations":[{"start":{"line":67,"column":2},"end":{"line":76,"column":3}}]},"6":{"loc":{"start":{"line":67,"column":6},"end":{"line":67,"column":82}},"type":"binary-expr","locations":[{"start":{"line":67,"column":6},"end":{"line":67,"column":18}},{"start":{"line":67,"column":22},"end":{"line":67,"column":53}},{"start":{"line":67,"column":57},"end":{"line":67,"column":82}}]},"7":{"loc":{"start":{"line":82,"column":6},"end":{"line":84,"column":19}},"type":"cond-expr","locations":[{"start":{"line":83,"column":10},"end":{"line":83,"column":18}},{"start":{"line":84,"column":10},"end":{"line":84,"column":19}}]},"8":{"loc":{"start":{"line":82,"column":6},"end":{"line":82,"column":57}},"type":"binary-expr","locations":[{"start":{"line":82,"column":6},"end":{"line":82,"column":34}},{"start":{"line":82,"column":38},"end":{"line":82,"column":57}}]},"9":{"loc":{"start":{"line":86,"column":6},"end":{"line":86,"column":74}},"type":"cond-expr","locations":[{"start":{"line":86,"column":56},"end":{"line":86,"column":62}},{"start":{"line":86,"column":65},"end":{"line":86,"column":74}}]},"10":{"loc":{"start":{"line":86,"column":6},"end":{"line":86,"column":53}},"type":"binary-expr","locations":[{"start":{"line":86,"column":6},"end":{"line":86,"column":32}},{"start":{"line":86,"column":36},"end":{"line":86,"column":53}}]},"11":{"loc":{"start":{"line":87,"column":22},"end":{"line":89,"column":17}},"type":"cond-expr","locations":[{"start":{"line":88,"column":8},"end":{"line":88,"column":36}},{"start":{"line":89,"column":8},"end":{"line":89,"column":17}}]}},"s":{"0":7,"1":7,"2":0,"3":0,"4":0,"5":0,"6":7,"7":1,"8":1,"9":1,"10":6,"11":6,"12":0,"13":0,"14":0,"15":6,"16":6,"17":1,"18":1,"19":1,"20":5,"21":5,"22":2,"23":2,"24":2,"25":3,"26":1,"27":1,"28":1,"29":2,"30":2,"31":2,"32":1,"33":1,"34":1,"35":1,"36":1,"37":1,"38":6,"39":6,"40":6,"41":6,"42":6,"43":6,"44":6},"f":{"0":7,"1":7,"2":0,"3":7,"4":6,"5":6,"6":6,"7":6},"b":{"0":[0],"1":[1],"2":[7,6],"3":[2],"4":[5,3,3],"5":[1],"6":[3,2,2],"7":[0,2],"8":[2,0],"9":[0,2],"10":[2,0],"11":[0,2]}}
,"C:\\Users\\xx\\Desktop\\Local-AI-Freelance-Agency-OS\\src\\modules\\intake\\classifier.ts": {"path":"C:\\Users\\xx\\Desktop\\Local-AI-Freelance-Agency-OS\\src\\modules\\intake\\classifier.ts","statementMap":{"0":{"start":{"line":5,"column":21},"end":{"line":11,"column":11}},"1":{"start":{"line":13,"column":27},"end":{"line":13,"column":61}},"2":{"start":{"line":14,"column":25},"end":{"line":14,"column":57}},"3":{"start":{"line":24,"column":14},"end":{"line":25,"column":null}},"4":{"start":{"line":25,"column":4},"end":{"line":25,"column":38}},"5":{"start":{"line":27,"column":21},"end":{"line":28,"column":null}},"6":{"start":{"line":28,"column":4},"end":{"line":28,"column":47}},"7":{"start":{"line":30,"column":2},"end":{"line":30,"column":29}},"8":{"start":{"line":39,"column":2},"end":{"line":52,"column":4}}},"fnMap":{"0":{"name":"normalizeFeatures","decl":{"start":{"line":20,"column":16},"end":{"line":20,"column":33}},"loc":{"start":{"line":22,"column":35},"end":{"line":31,"column":1}}},"1":{"name":"(anonymous_1)","decl":{"start":{"line":24,"column":38},"end":{"line":24,"column":39}},"loc":{"start":{"line":25,"column":4},"end":{"line":25,"column":38}}},"2":{"name":"(anonymous_2)","decl":{"start":{"line":27,"column":52},"end":{"line":27,"column":53}},"loc":{"start":{"line":28,"column":4},"end":{"line":28,"column":47}}},"3":{"name":"normalizeFeature","decl":{"start":{"line":33,"column":9},"end":{"line":33,"column":25}},"loc":{"start":{"line":37,"column":18},"end":{"line":53,"column":1}}}},"branchMap":{"0":{"loc":{"start":{"line":24,"column":15},"end":{"line":24,"column":32}},"type":"binary-expr","locations":[{"start":{"line":24,"column":15},"end":{"line":24,"column":26}},{"start":{"line":24,"column":30},"end":{"line":24,"column":32}}]},"1":{"loc":{"start":{"line":27,"column":22},"end":{"line":27,"column":46}},"type":"binary-expr","locations":[{"start":{"line":27,"column":22},"end":{"line":27,"column":40}},{"start":{"line":27,"column":44},"end":{"line":27,"column":46}}]},"2":{"loc":{"start":{"line":40,"column":8},"end":{"line":40,"column":86}},"type":"cond-expr","locations":[{"start":{"line":40,"column":54},"end":{"line":40,"column":58}},{"start":{"line":40,"column":61},"end":{"line":40,"column":86}}]},"3":{"loc":{"start":{"line":40,"column":8},"end":{"line":40,"column":51}},"type":"binary-expr","locations":[{"start":{"line":40,"column":8},"end":{"line":40,"column":32}},{"start":{"line":40,"column":36},"end":{"line":40,"column":51}}]},"4":{"loc":{"start":{"line":41,"column":10},"end":{"line":41,"column":86}},"type":"cond-expr","locations":[{"start":{"line":41,"column":60},"end":{"line":41,"column":66}},{"start":{"line":41,"column":69},"end":{"line":41,"column":86}}]},"5":{"loc":{"start":{"line":41,"column":10},"end":{"line":41,"column":57}},"type":"binary-expr","locations":[{"start":{"line":41,"column":10},"end":{"line":41,"column":36}},{"start":{"line":41,"column":40},"end":{"line":41,"column":57}}]},"6":{"loc":{"start":{"line":42,"column":17},"end":{"line":42,"column":71}},"type":"cond-expr","locations":[{"start":{"line":42,"column":53},"end":{"line":42,"column":66}},{"start":{"line":42,"column":69},"end":{"line":42,"column":71}}]},"7":{"loc":{"start":{"line":43,"column":14},"end":{"line":45,"column":23}},"type":"cond-expr","locations":[{"start":{"line":44,"column":9},"end":{"line":44,"column":46}},{"start":{"line":45,"column":8},"end":{"line":45,"column":23}}]},"8":{"loc":{"start":{"line":46,"column":11},"end":{"line":48,"column":13}},"type":"cond-expr","locations":[{"start":{"line":47,"column":9},"end":{"line":47,"column":41}},{"start":{"line":48,"column":8},"end":{"line":48,"column":13}}]},"9":{"loc":{"start":{"line":49,"column":16},"end":{"line":51,"column":16}},"type":"cond-expr","locations":[{"start":{"line":50,"column":9},"end":{"line":50,"column":51}},{"start":{"line":51,"column":8},"end":{"line":51,"column":16}}]}},"s":{"0":3,"1":3,"2":3,"3":30,"4":33,"5":30,"6":6,"7":30,"8":39},"f":{"0":30,"1":33,"2":6,"3":39},"b":{"0":[30,1],"1":[30,1],"2":[37,2],"3":[39,37],"4":[39,0],"5":[39,39],"6":[39,0],"7":[39,0],"8":[38,1],"9":[38,1]}}
,"C:\\Users\\xx\\Desktop\\Local-AI-Freelance-Agency-OS\\src\\modules\\intake\\parser.ts": {"path":"C:\\Users\\xx\\Desktop\\Local-AI-Freelance-Agency-OS\\src\\modules\\intake\\parser.ts","statementMap":{"0":{"start":{"line":14,"column":15},"end":{"line":14,"column":30}},"1":{"start":{"line":26,"column":17},"end":{"line":26,"column":49}},"2":{"start":{"line":28,"column":15},"end":{"line":28,"column":51}},"3":{"start":{"line":29,"column":21},"end":{"line":29,"column":46}},"4":{"start":{"line":30,"column":19},"end":{"line":30,"column":46}},"5":{"start":{"line":31,"column":2},"end":{"line":31,"column":40}},"6":{"start":{"line":32,"column":2},"end":{"line":32,"column":57}},"7":{"start":{"line":33,"column":2},"end":{"line":33,"column":32}},"8":{"start":{"line":41,"column":23},"end":{"line":43,"column":62}},"9":{"start":{"line":45,"column":25},"end":{"line":51,"column":27}},"10":{"start":{"line":53,"column":21},"end":{"line":68,"column":4}},"11":{"start":{"line":70,"column":32},"end":{"line":70,"column":36}},"12":{"start":{"line":71,"column":2},"end":{"line":117,"column":3}},"13":{"start":{"line":71,"column":21},"end":{"line":71,"column":22}},"14":{"start":{"line":72,"column":4},"end":{"line":116,"column":5}},"15":{"start":{"line":73,"column":25},"end":{"line":73,"column":61}},"16":{"start":{"line":74,"column":22},"end":{"line":79,"column":8}},"17":{"start":{"line":82,"column":8},"end":{"line":82,"column":74}},"18":{"start":{"line":83,"column":18},"end":{"line":83,"column":50}},"19":{"start":{"line":86,"column":34},"end":{"line":88,"column":null}},"20":{"start":{"line":90,"column":20},"end":{"line":90,"column":45}},"21":{"start":{"line":93,"column":27},"end":{"line":96,"column":9}},"22":{"start":{"line":93,"column":64},"end":{"line":96,"column":8}},"23":{"start":{"line":98,"column":35},"end":{"line":108,"column":8}},"24":{"start":{"line":110,"column":6},"end":{"line":110,"column":20}},"25":{"start":{"line":112,"column":6},"end":{"line":112,"column":31}},"26":{"start":{"line":113,"column":6},"end":{"line":115,"column":9}},"27":{"start":{"line":119,"column":2},"end":{"line":122,"column":4}}},"fnMap":{"0":{"name":"runIntake","decl":{"start":{"line":22,"column":22},"end":{"line":22,"column":31}},"loc":{"start":{"line":24,"column":41},"end":{"line":34,"column":1}}},"1":{"name":"analyseRequirements","decl":{"start":{"line":40,"column":15},"end":{"line":40,"column":34}},"loc":{"start":{"line":40,"column":53},"end":{"line":123,"column":1}}},"2":{"name":"(anonymous_2)","decl":{"start":{"line":93,"column":56},"end":{"line":93,"column":57}},"loc":{"start":{"line":93,"column":64},"end":{"line":96,"column":8}}}},"branchMap":{"0":{"loc":{"start":{"line":24,"column":2},"end":{"line":24,"column":41}},"type":"default-arg","locations":[{"start":{"line":24,"column":22},"end":{"line":24,"column":41}}]},"1":{"loc":{"start":{"line":48,"column":7},"end":{"line":48,"column":48}},"type":"binary-expr","locations":[{"start":{"line":48,"column":7},"end":{"line":48,"column":41}},{"start":{"line":48,"column":45},"end":{"line":48,"column":48}}]},"2":{"loc":{"start":{"line":49,"column":7},"end":{"line":49,"column":30}},"type":"binary-expr","locations":[{"start":{"line":49,"column":7},"end":{"line":49,"column":21}},{"start":{"line":49,"column":25},"end":{"line":49,"column":30}}]},"3":{"loc":{"start":{"line":50,"column":5},"end":{"line":50,"column":26}},"type":"binary-expr","locations":[{"start":{"line":50,"column":5},"end":{"line":50,"column":17}},{"start":{"line":50,"column":21},"end":{"line":50,"column":26}}]},"4":{"loc":{"start":{"line":82,"column":8},"end":{"line":82,"column":74}},"type":"cond-expr","locations":[{"start":{"line":82,"column":46},"end":{"line":82,"column":69}},{"start":{"line":82,"column":72},"end":{"line":82,"column":74}}]},"5":{"loc":{"start":{"line":93,"column":28},"end":{"line":93,"column":50}},"type":"binary-expr","locations":[{"start":{"line":93,"column":28},"end":{"line":93,"column":44}},{"start":{"line":93,"column":48},"end":{"line":93,"column":50}}]},"6":{"loc":{"start":{"line":99,"column":22},"end":{"line":99,"column":60}},"type":"binary-expr","locations":[{"start":{"line":99,"column":22},"end":{"line":99,"column":38}},{"start":{"line":99,"column":42},"end":{"line":99,"column":60}}]},"7":{"loc":{"start":{"line":102,"column":28},"end":{"line":102,"column":56}},"type":"binary-expr","locations":[{"start":{"line":102,"column":28},"end":{"line":102,"column":50}},{"start":{"line":102,"column":54},"end":{"line":102,"column":56}}]},"8":{"loc":{"start":{"line":106,"column":30},"end":{"line":106,"column":60}},"type":"binary-expr","locations":[{"start":{"line":106,"column":30},"end":{"line":106,"column":54}},{"start":{"line":106,"column":58},"end":{"line":106,"column":60}}]}},"s":{"0":2,"1":12,"2":10,"3":10,"4":10,"5":10,"6":10,"7":10,"8":12,"9":12,"10":12,"11":12,"12":12,"13":12,"14":19,"15":19,"16":19,"17":15,"18":15,"19":10,"20":10,"21":10,"22":10,"23":10,"24":10,"25":9,"26":9,"27":2},"f":{"0":12,"1":12,"2":10},"b":{"0":[0],"1":[12,12],"2":[12,12],"3":[12,12],"4":[15,0],"5":[10,0],"6":[10,0],"7":[10,0],"8":[10,0]}}
,"C:\\Users\\xx\\Desktop\\Local-AI-Freelance-Agency-OS\\src\\modules\\intake\\risk-analyzer.ts": {"path":"C:\\Users\\xx\\Desktop\\Local-AI-Freelance-Agency-OS\\src\\modules\\intake\\risk-analyzer.ts","statementMap":{"0":{"start":{"line":5,"column":25},"end":{"line":5,"column":59}},"1":{"start":{"line":12,"column":2},"end":{"line":12,"column":58}},"2":{"start":{"line":12,"column":37},"end":{"line":12,"column":56}},"3":{"start":{"line":16,"column":2},"end":{"line":29,"column":4}}},"fnMap":{"0":{"name":"normalizeRisks","decl":{"start":{"line":11,"column":16},"end":{"line":11,"column":30}},"loc":{"start":{"line":11,"column":48},"end":{"line":13,"column":1}}},"1":{"name":"(anonymous_1)","decl":{"start":{"line":12,"column":27},"end":{"line":12,"column":28}},"loc":{"start":{"line":12,"column":37},"end":{"line":12,"column":56}}},"2":{"name":"normalizeRisk","decl":{"start":{"line":15,"column":9},"end":{"line":15,"column":22}},"loc":{"start":{"line":15,"column":58},"end":{"line":30,"column":1}}}},"branchMap":{"0":{"loc":{"start":{"line":12,"column":10},"end":{"line":12,"column":21}},"type":"binary-expr","locations":[{"start":{"line":12,"column":10},"end":{"line":12,"column":15}},{"start":{"line":12,"column":19},"end":{"line":12,"column":21}}]},"1":{"loc":{"start":{"line":17,"column":8},"end":{"line":17,"column":76}},"type":"cond-expr","locations":[{"start":{"line":17,"column":54},"end":{"line":17,"column":58}},{"start":{"line":17,"column":61},"end":{"line":17,"column":76}}]},"2":{"loc":{"start":{"line":17,"column":8},"end":{"line":17,"column":51}},"type":"binary-expr","locations":[{"start":{"line":17,"column":8},"end":{"line":17,"column":32}},{"start":{"line":17,"column":36},"end":{"line":17,"column":51}}]},"3":{"loc":{"start":{"line":19,"column":6},"end":{"line":21,"column":24}},"type":"cond-expr","locations":[{"start":{"line":20,"column":10},"end":{"line":20,"column":23}},{"start":{"line":21,"column":10},"end":{"line":21,"column":24}}]},"4":{"loc":{"start":{"line":19,"column":6},"end":{"line":19,"column":67}},"type":"binary-expr","locations":[{"start":{"line":19,"column":6},"end":{"line":19,"column":39}},{"start":{"line":19,"column":43},"end":{"line":19,"column":67}}]},"5":{"loc":{"start":{"line":22,"column":14},"end":{"line":24,"column":16}},"type":"cond-expr","locations":[{"start":{"line":23,"column":9},"end":{"line":23,"column":44}},{"start":{"line":24,"column":8},"end":{"line":24,"column":16}}]},"6":{"loc":{"start":{"line":26,"column":6},"end":{"line":28,"column":28}},"type":"cond-expr","locations":[{"start":{"line":27,"column":10},"end":{"line":27,"column":22}},{"start":{"line":28,"column":10},"end":{"line":28,"column":28}}]},"7":{"loc":{"start":{"line":26,"column":6},"end":{"line":26,"column":65}},"type":"binary-expr","locations":[{"start":{"line":26,"column":6},"end":{"line":26,"column":38}},{"start":{"line":26,"column":42},"end":{"line":26,"column":65}}]}},"s":{"0":3,"1":17,"2":17,"3":17},"f":{"0":17,"1":17,"2":17},"b":{"0":[17,1],"1":[14,3],"2":[17,14],"3":[16,1],"4":[17,16],"5":[16,1],"6":[16,1],"7":[17,16]}}
,"C:\\Users\\xx\\Desktop\\Local-AI-Freelance-Agency-OS\\src\\modules\\intake\\template.ts": {"path":"C:\\Users\\xx\\Desktop\\Local-AI-Freelance-Agency-OS\\src\\modules\\intake\\template.ts","statementMap":{"0":{"start":{"line":5,"column":22},"end":{"line":12,"column":14}},"1":{"start":{"line":14,"column":26},"end":{"line":17,"column":4}},"2":{"start":{"line":19,"column":2},"end":{"line":52,"column":2}},"3":{"start":{"line":37,"column":26},"end":{"line":37,"column":111}},"4":{"start":{"line":45,"column":45},"end":{"line":45,"column":62}},"5":{"start":{"line":51,"column":33},"end":{"line":51,"column":103}},"6":{"start":{"line":56,"column":2},"end":{"line":56,"column":138}},"7":{"start":{"line":61,"column":4},"end":{"line":61,"column":73}},"8":{"start":{"line":62,"column":15},"end":{"line":63,"column":null}},"9":{"start":{"line":63,"column":11},"end":{"line":63,"column":70}},"10":{"start":{"line":65,"column":2},"end":{"line":65,"column":38}}},"fnMap":{"0":{"name":"buildMarkdown","decl":{"start":{"line":4,"column":16},"end":{"line":4,"column":29}},"loc":{"start":{"line":4,"column":64},"end":{"line":53,"column":1}}},"1":{"name":"(anonymous_1)","decl":{"start":{"line":37,"column":19},"end":{"line":37,"column":20}},"loc":{"start":{"line":37,"column":26},"end":{"line":37,"column":111}}},"2":{"name":"(anonymous_2)","decl":{"start":{"line":45,"column":34},"end":{"line":45,"column":35}},"loc":{"start":{"line":45,"column":45},"end":{"line":45,"column":62}}},"3":{"name":"(anonymous_3)","decl":{"start":{"line":51,"column":26},"end":{"line":51,"column":27}},"loc":{"start":{"line":51,"column":33},"end":{"line":51,"column":103}}},"4":{"name":"formatFeature","decl":{"start":{"line":55,"column":9},"end":{"line":55,"column":22}},"loc":{"start":{"line":55,"column":37},"end":{"line":57,"column":1}}},"5":{"name":"buildComplexityTable","decl":{"start":{"line":59,"column":9},"end":{"line":59,"column":29}},"loc":{"start":{"line":59,"column":53},"end":{"line":66,"column":1}}},"6":{"name":"(anonymous_6)","decl":{"start":{"line":63,"column":4},"end":{"line":63,"column":5}},"loc":{"start":{"line":63,"column":11},"end":{"line":63,"column":70}}}},"branchMap":{"0":{"loc":{"start":{"line":33,"column":2},"end":{"line":33,"column":112}},"type":"cond-expr","locations":[{"start":{"line":33,"column":44},"end":{"line":33,"column":104}},{"start":{"line":33,"column":107},"end":{"line":33,"column":112}}]}},"s":{"0":17,"1":17,"2":17,"3":17,"4":22,"5":17,"6":28,"7":17,"8":17,"9":28,"10":17},"f":{"0":17,"1":17,"2":22,"3":17,"4":28,"5":17,"6":28},"b":{"0":[6,11]}}
,"C:\\Users\\xx\\Desktop\\Local-AI-Freelance-Agency-OS\\src\\utils\\errors.ts": {"path":"C:\\Users\\xx\\Desktop\\Local-AI-Freelance-Agency-OS\\src\\utils\\errors.ts","statementMap":{"0":{"start":{"line":8,"column":4},"end":{"line":8,"column":19}},"1":{"start":{"line":6,"column":20},"end":{"line":6,"column":32}},"2":{"start":{"line":9,"column":4},"end":{"line":9,"column":32}},"3":{"start":{"line":18,"column":4},"end":{"line":18,"column":37}},"4":{"start":{"line":16,"column":20},"end":{"line":16,"column":36}},"5":{"start":{"line":19,"column":4},"end":{"line":19,"column":31}},"6":{"start":{"line":25,"column":4},"end":{"line":25,"column":78}},"7":{"start":{"line":24,"column":30},"end":{"line":24,"column":46}},"8":{"start":{"line":26,"column":4},"end":{"line":26,"column":39}},"9":{"start":{"line":32,"column":4},"end":{"line":35,"column":6}},"10":{"start":{"line":36,"column":4},"end":{"line":36,"column":36}},"11":{"start":{"line":42,"column":4},"end":{"line":42,"column":39}},"12":{"start":{"line":43,"column":4},"end":{"line":43,"column":32}}},"fnMap":{"0":{"name":"(anonymous_0)","decl":{"start":{"line":4,"column":2},"end":{"line":4,"column":null}},"loc":{"start":{"line":6,"column":32},"end":{"line":10,"column":3}}},"1":{"name":"(anonymous_1)","decl":{"start":{"line":14,"column":2},"end":{"line":14,"column":null}},"loc":{"start":{"line":16,"column":36},"end":{"line":20,"column":3}}},"2":{"name":"(anonymous_2)","decl":{"start":{"line":24,"column":2},"end":{"line":24,"column":30}},"loc":{"start":{"line":24,"column":46},"end":{"line":27,"column":3}}},"3":{"name":"(anonymous_3)","decl":{"start":{"line":31,"column":2},"end":{"line":31,"column":14}},"loc":{"start":{"line":31,"column":51},"end":{"line":37,"column":3}}},"4":{"name":"(anonymous_4)","decl":{"start":{"line":41,"column":2},"end":{"line":41,"column":14}},"loc":{"start":{"line":41,"column":29},"end":{"line":44,"column":3}}}},"branchMap":{},"s":{"0":8,"1":8,"2":8,"3":2,"4":2,"5":2,"6":3,"7":3,"8":3,"9":3,"10":3,"11":0,"12":0},"f":{"0":8,"1":2,"2":3,"3":3,"4":0},"b":{}}
,"C:\\Users\\xx\\Desktop\\Local-AI-Freelance-Agency-OS\\src\\utils\\file-writer.ts": {"path":"C:\\Users\\xx\\Desktop\\Local-AI-Freelance-Agency-OS\\src\\utils\\file-writer.ts","statementMap":{"0":{"start":{"line":14,"column":14},"end":{"line":14,"column":36}},"1":{"start":{"line":15,"column":15},"end":{"line":15,"column":38}},"2":{"start":{"line":16,"column":18},"end":{"line":16,"column":62}},"3":{"start":{"line":18,"column":2},"end":{"line":18,"column":43}},"4":{"start":{"line":19,"column":2},"end":{"line":19,"column":48}},"5":{"start":{"line":20,"column":2},"end":{"line":20,"column":37}},"6":{"start":{"line":30,"column":2},"end":{"line":30,"column":62}},"7":{"start":{"line":31,"column":2},"end":{"line":31,"column":49}},"8":{"start":{"line":38,"column":2},"end":{"line":43,"column":3}},"9":{"start":{"line":39,"column":4},"end":{"line":39,"column":48}},"10":{"start":{"line":41,"column":4},"end":{"line":41,"column":70}},"11":{"start":{"line":41,"column":58},"end":{"line":41,"column":70}},"12":{"start":{"line":42,"column":4},"end":{"line":42,"column":14}},"13":{"start":{"line":50,"column":2},"end":{"line":55,"column":3}},"14":{"start":{"line":51,"column":4},"end":{"line":51,"column":30}},"15":{"start":{"line":52,"column":4},"end":{"line":52,"column":16}},"16":{"start":{"line":54,"column":4},"end":{"line":54,"column":17}}},"fnMap":{"0":{"name":"atomicWrite","decl":{"start":{"line":10,"column":22},"end":{"line":10,"column":33}},"loc":{"start":{"line":12,"column":17},"end":{"line":21,"column":1}}},"1":{"name":"writeFile","decl":{"start":{"line":26,"column":22},"end":{"line":26,"column":31}},"loc":{"start":{"line":28,"column":17},"end":{"line":32,"column":1}}},"2":{"name":"readFile","decl":{"start":{"line":37,"column":22},"end":{"line":37,"column":30}},"loc":{"start":{"line":37,"column":47},"end":{"line":44,"column":1}}},"3":{"name":"fileExists","decl":{"start":{"line":49,"column":22},"end":{"line":49,"column":32}},"loc":{"start":{"line":49,"column":49},"end":{"line":56,"column":1}}}},"branchMap":{"0":{"loc":{"start":{"line":41,"column":4},"end":{"line":41,"column":70}},"type":"if","locations":[{"start":{"line":41,"column":4},"end":{"line":41,"column":70}}]}},"s":{"0":0,"1":0,"2":0,"3":0,"4":0,"5":0,"6":0,"7":0,"8":0,"9":0,"10":0,"11":0,"12":0,"13":0,"14":0,"15":0,"16":0},"f":{"0":0,"1":0,"2":0,"3":0},"b":{"0":[0]}}
,"C:\\Users\\xx\\Desktop\\Local-AI-Freelance-Agency-OS\\src\\utils\\logger.ts": {"path":"C:\\Users\\xx\\Desktop\\Local-AI-Freelance-Agency-OS\\src\\utils\\logger.ts","statementMap":{"0":{"start":{"line":5,"column":41},"end":{"line":10,"column":2}},"1":{"start":{"line":13,"column":3},"end":{"line":13,"column":62}},"2":{"start":{"line":16,"column":2},"end":{"line":16,"column":51}},"3":{"start":{"line":16,"column":44},"end":{"line":16,"column":51}},"4":{"start":{"line":18,"column":13},"end":{"line":18,"column":37}},"5":{"start":{"line":19,"column":17},"end":{"line":19,"column":51}},"6":{"start":{"line":20,"column":15},"end":{"line":20,"column":107}},"7":{"start":{"line":22,"column":2},"end":{"line":26,"column":3}},"8":{"start":{"line":23,"column":4},"end":{"line":23,"column":24}},"9":{"start":{"line":25,"column":4},"end":{"line":25,"column":22}},"10":{"start":{"line":29,"column":22},"end":{"line":34,"column":2}},"11":{"start":{"line":30,"column":42},"end":{"line":30,"column":65}},"12":{"start":{"line":31,"column":41},"end":{"line":31,"column":63}},"13":{"start":{"line":32,"column":41},"end":{"line":32,"column":63}},"14":{"start":{"line":33,"column":42},"end":{"line":33,"column":65}}},"fnMap":{"0":{"name":"log","decl":{"start":{"line":15,"column":9},"end":{"line":15,"column":12}},"loc":{"start":{"line":15,"column":61},"end":{"line":27,"column":1}}},"1":{"name":"(anonymous_1)","decl":{"start":{"line":30,"column":9},"end":{"line":30,"column":10}},"loc":{"start":{"line":30,"column":42},"end":{"line":30,"column":65}}},"2":{"name":"(anonymous_2)","decl":{"start":{"line":31,"column":8},"end":{"line":31,"column":9}},"loc":{"start":{"line":31,"column":41},"end":{"line":31,"column":63}}},"3":{"name":"(anonymous_3)","decl":{"start":{"line":32,"column":8},"end":{"line":32,"column":9}},"loc":{"start":{"line":32,"column":41},"end":{"line":32,"column":63}}},"4":{"name":"(anonymous_4)","decl":{"start":{"line":33,"column":9},"end":{"line":33,"column":10}},"loc":{"start":{"line":33,"column":42},"end":{"line":33,"column":65}}}},"branchMap":{"0":{"loc":{"start":{"line":13,"column":3},"end":{"line":13,"column":62}},"type":"binary-expr","locations":[{"start":{"line":13,"column":3},"end":{"line":13,"column":52}},{"start":{"line":13,"column":56},"end":{"line":13,"column":62}}]},"1":{"loc":{"start":{"line":16,"column":2},"end":{"line":16,"column":51}},"type":"if","locations":[{"start":{"line":16,"column":2},"end":{"line":16,"column":51}}]},"2":{"loc":{"start":{"line":20,"column":15},"end":{"line":20,"column":107}},"type":"cond-expr","locations":[{"start":{"line":20,"column":36},"end":{"line":20,"column":82}},{"start":{"line":20,"column":85},"end":{"line":20,"column":107}}]},"3":{"loc":{"start":{"line":22,"column":2},"end":{"line":26,"column":3}},"type":"if","locations":[{"start":{"line":22,"column":2},"end":{"line":26,"column":3}},{"start":{"line":24,"column":9},"end":{"line":26,"column":3}}]},"4":{"loc":{"start":{"line":22,"column":6},"end":{"line":22,"column":43}},"type":"binary-expr","locations":[{"start":{"line":22,"column":6},"end":{"line":22,"column":23}},{"start":{"line":22,"column":27},"end":{"line":22,"column":43}}]}},"s":{"0":0,"1":0,"2":0,"3":0,"4":0,"5":0,"6":0,"7":0,"8":0,"9":0,"10":0,"11":0,"12":0,"13":0,"14":0},"f":{"0":0,"1":0,"2":0,"3":0,"4":0},"b":{"0":[0,0],"1":[0],"2":[0,0],"3":[0,0],"4":[0,0]}}
,"C:\\Users\\xx\\Desktop\\Local-AI-Freelance-Agency-OS\\src\\utils\\slug.ts": {"path":"C:\\Users\\xx\\Desktop\\Local-AI-Freelance-Agency-OS\\src\\utils\\slug.ts","statementMap":{"0":{"start":{"line":16,"column":13},"end":{"line":16,"column":38}},"1":{"start":{"line":18,"column":2},"end":{"line":18,"column":43}},"2":{"start":{"line":20,"column":2},"end":{"line":20,"column":43}},"3":{"start":{"line":22,"column":2},"end":{"line":22,"column":34}},"4":{"start":{"line":24,"column":2},"end":{"line":24,"column":34}},"5":{"start":{"line":26,"column":2},"end":{"line":26,"column":38}},"6":{"start":{"line":28,"column":2},"end":{"line":30,"column":3}},"7":{"start":{"line":29,"column":4},"end":{"line":29,"column":60}},"8":{"start":{"line":32,"column":2},"end":{"line":32,"column":14}},"9":{"start":{"line":42,"column":24},"end":{"line":42,"column":53}},"10":{"start":{"line":43,"column":2},"end":{"line":43,"column":58}},"11":{"start":{"line":43,"column":42},"end":{"line":43,"column":58}},"12":{"start":{"line":45,"column":10},"end":{"line":45,"column":11}},"13":{"start":{"line":46,"column":2},"end":{"line":50,"column":3}},"14":{"start":{"line":47,"column":22},"end":{"line":47,"column":40}},"15":{"start":{"line":48,"column":4},"end":{"line":48,"column":78}},"16":{"start":{"line":48,"column":61},"end":{"line":48,"column":78}},"17":{"start":{"line":49,"column":4},"end":{"line":49,"column":8}},"18":{"start":{"line":63,"column":21},"end":{"line":63,"column":42}},"19":{"start":{"line":64,"column":2},"end":{"line":64,"column":59}},"20":{"start":{"line":65,"column":2},"end":{"line":65,"column":59}},"21":{"start":{"line":66,"column":2},"end":{"line":66,"column":50}},"22":{"start":{"line":67,"column":2},"end":{"line":67,"column":50}},"23":{"start":{"line":68,"column":2},"end":{"line":68,"column":54}},"24":{"start":{"line":70,"column":2},"end":{"line":70,"column":70}},"25":{"start":{"line":80,"column":24},"end":{"line":80,"column":49}},"26":{"start":{"line":81,"column":2},"end":{"line":81,"column":58}},"27":{"start":{"line":81,"column":42},"end":{"line":81,"column":58}},"28":{"start":{"line":83,"column":14},"end":{"line":83,"column":24}},"29":{"start":{"line":85,"column":4},"end":{"line":89,"column":45}},"30":{"start":{"line":90,"column":2},"end":{"line":90,"column":29}}},"fnMap":{"0":{"name":"buildIntakeSlug","decl":{"start":{"line":15,"column":16},"end":{"line":15,"column":31}},"loc":{"start":{"line":15,"column":51},"end":{"line":33,"column":1}}},"1":{"name":"resolveIntakeSlug","decl":{"start":{"line":38,"column":22},"end":{"line":38,"column":39}},"loc":{"start":{"line":40,"column":19},"end":{"line":51,"column":1}}},"2":{"name":"buildDispatchSlug","decl":{"start":{"line":62,"column":16},"end":{"line":62,"column":33}},"loc":{"start":{"line":62,"column":64},"end":{"line":71,"column":1}}},"3":{"name":"resolveDispatchSlug","decl":{"start":{"line":76,"column":22},"end":{"line":76,"column":41}},"loc":{"start":{"line":78,"column":18},"end":{"line":91,"column":1}}}},"branchMap":{"0":{"loc":{"start":{"line":28,"column":2},"end":{"line":30,"column":3}},"type":"if","locations":[{"start":{"line":28,"column":2},"end":{"line":30,"column":3}}]},"1":{"loc":{"start":{"line":43,"column":2},"end":{"line":43,"column":58}},"type":"if","locations":[{"start":{"line":43,"column":2},"end":{"line":43,"column":58}}]},"2":{"loc":{"start":{"line":48,"column":4},"end":{"line":48,"column":78}},"type":"if","locations":[{"start":{"line":48,"column":4},"end":{"line":48,"column":78}}]},"3":{"loc":{"start":{"line":70,"column":9},"end":{"line":70,"column":69}},"type":"cond-expr","locations":[{"start":{"line":70,"column":35},"end":{"line":70,"column":61}},{"start":{"line":70,"column":64},"end":{"line":70,"column":69}}]},"4":{"loc":{"start":{"line":81,"column":2},"end":{"line":81,"column":58}},"type":"if","locations":[{"start":{"line":81,"column":2},"end":{"line":81,"column":58}}]}},"s":{"0":17,"1":17,"2":17,"3":17,"4":17,"5":17,"6":17,"7":2,"8":17,"9":3,"10":3,"11":1,"12":2,"13":2,"14":3,"15":3,"16":2,"17":1,"18":8,"19":8,"20":8,"21":8,"22":8,"23":8,"24":8,"25":5,"26":5,"27":4,"28":1,"29":1,"30":1},"f":{"0":17,"1":3,"2":8,"3":5},"b":{"0":[2],"1":[1],"2":[2],"3":[5,3],"4":[4]}}
}
