TN:
SF:src\modules\dispatch\alias-registry.ts
FN:87,getAliasEntry
FN:94,isValidAlias
FN:98,validateDispatchAlias
FNF:3
FNH:3
FNDA:27,getAliasEntry
FNDA:10,isValidAlias
FNDA:10,validateDispatchAlias
DA:6,4
DA:88,27
DA:89,2
DA:91,25
DA:95,10
DA:99,10
LF:6
LH:6
BRDA:88,0,0,2
BRDA:99,1,0,9
BRDA:99,1,1,1
BRF:3
BRH:3
end_of_record
TN:
SF:src\modules\dispatch\api.ts
FN:23,readBody
FN:24,(anonymous_1)
FN:26,(anonymous_2)
FN:29,(anonymous_3)
FN:40,send
FN:46,statusCounts
FN:48,(anonymous_6)
FN:49,(anonymous_7)
FN:50,(anonymous_8)
FN:51,(anonymous_9)
FN:52,(anonymous_10)
FN:53,(anonymous_11)
FN:63,getPendingQuestion
FN:68,(anonymous_13)
FN:101,handleDispatchRequest
FN:188,(anonymous_15)
FNF:16
FNH:13
FNDA:5,readBody
FNDA:5,(anonymous_1)
FNDA:5,(anonymous_2)
FNDA:5,(anonymous_3)
FNDA:9,send
FNDA:1,statusCounts
FNDA:3,(anonymous_6)
FNDA:3,(anonymous_7)
FNDA:3,(anonymous_8)
FNDA:3,(anonymous_9)
FNDA:3,(anonymous_10)
FNDA:3,(anonymous_11)
FNDA:0,getPendingQuestion
FNDA:0,(anonymous_13)
FNDA:9,handleDispatchRequest
FNDA:0,(anonymous_15)
DA:24,5
DA:25,5
DA:26,5
DA:27,5
DA:29,5
DA:30,5
DA:31,5
DA:33,0
DA:36,5
DA:41,9
DA:42,9
DA:43,9
DA:47,1
DA:48,3
DA:49,3
DA:50,3
DA:51,3
DA:52,3
DA:53,3
DA:64,0
DA:65,0
DA:66,0
DA:67,0
DA:68,0
DA:72,0
DA:73,0
DA:74,0
DA:75,0
DA:76,0
DA:77,0
DA:78,0
DA:79,0
DA:80,0
DA:90,0
DA:105,9
DA:106,9
DA:107,9
DA:108,9
DA:111,9
DA:112,3
DA:113,3
DA:114,3
DA:115,3
DA:116,3
DA:118,3
DA:119,1
DA:120,1
DA:124,2
DA:125,2
DA:127,1
DA:128,1
DA:129,1
DA:131,0
DA:134,1
DA:135,0
DA:138,1
DA:139,1
DA:140,1
DA:142,1
DA:149,0
DA:150,0
DA:152,1
DA:156,6
DA:157,6
DA:158,2
DA:159,2
DA:160,2
DA:161,1
DA:162,1
DA:165,1
DA:166,1
DA:167,0
DA:169,0
DA:170,0
DA:171,0
DA:172,0
DA:177,1
DA:178,1
DA:182,4
DA:183,1
DA:184,1
DA:185,1
DA:187,1
DA:188,1
DA:189,1
DA:191,1
DA:196,1
DA:200,3
DA:201,3
DA:202,2
DA:203,2
DA:204,2
DA:205,0
DA:206,0
DA:209,2
DA:210,2
DA:211,2
DA:212,2
DA:214,2
DA:215,1
DA:216,1
DA:219,1
DA:222,1
DA:223,1
DA:224,0
DA:227,1
DA:229,0
DA:231,1
DA:235,1
DA:236,1
DA:237,1
DA:238,1
DA:239,0
DA:240,0
DA:242,1
DA:243,1
DA:244,1
DA:246,0
DA:248,1
DA:251,0
LF:120
LH:87
BRDA:31,0,0,5
BRDA:31,0,1,0
BRDA:75,1,0,0
BRDA:77,2,0,0
BRDA:82,3,0,0
BRDA:82,3,1,0
BRDA:83,4,0,0
BRDA:83,4,1,0
BRDA:105,5,0,9
BRDA:105,5,1,0
BRDA:108,6,0,9
BRDA:108,6,1,0
BRDA:111,7,0,3
BRDA:111,8,0,9
BRDA:111,8,1,5
BRDA:114,9,0,3
BRDA:114,9,1,1
BRDA:115,10,0,3
BRDA:115,10,1,2
BRDA:118,11,0,1
BRDA:125,12,0,1
BRDA:125,12,1,1
BRDA:127,13,0,1
BRDA:134,14,0,0
BRDA:134,15,0,1
BRDA:134,15,1,0
BRDA:157,16,0,2
BRDA:157,17,0,6
BRDA:157,17,1,3
BRDA:160,18,0,1
BRDA:166,19,0,0
BRDA:169,20,0,0
BRDA:171,21,0,0
BRDA:182,22,0,1
BRDA:182,23,0,4
BRDA:182,23,1,1
BRDA:184,24,0,1
BRDA:184,24,1,1
BRDA:185,25,0,1
BRDA:185,25,1,1
BRDA:188,26,0,0
BRDA:188,26,1,1
BRDA:201,27,0,2
BRDA:201,28,0,3
BRDA:201,28,1,2
BRDA:204,29,0,0
BRDA:212,30,0,2
BRDA:212,30,1,0
BRDA:214,31,0,1
BRDA:223,32,0,0
BRDA:236,33,0,1
BRDA:236,34,0,1
BRDA:236,34,1,1
BRDA:238,35,0,0
BRF:54
BRH:35
end_of_record
TN:
SF:src\modules\dispatch\command-parser.ts
FN:11,parseDispatchCommand
FN:32,resolveTaskSlug
FNF:2
FNH:2
FNDA:12,parseDispatchCommand
FNDA:3,resolveTaskSlug
DA:12,12
DA:16,12
DA:17,8
DA:18,8
DA:20,4
DA:21,4
DA:24,12
DA:26,10
DA:33,3
DA:34,3
LF:10
LH:10
BRDA:16,0,0,8
BRDA:16,0,1,4
BRF:2
BRH:2
end_of_record
TN:
SF:src\modules\dispatch\ipc-manager.ts
FN:8,ipcDir
FN:12,seqStr
FN:20,askAndPause
FN:38,checkPendingAnswer
FN:57,writeAnswer
FN:71,isQuestionTimedOut
FN:89,readQuestion
FN:108,buildQuestionContent
FN:115,(anonymous_8)
FNF:9
FNH:8
FNDA:13,ipcDir
FNDA:13,seqStr
FNDA:3,askAndPause
FNDA:4,checkPendingAnswer
FNDA:3,writeAnswer
FNDA:3,isQuestionTimedOut
FNDA:0,readQuestion
FNDA:3,buildQuestionContent
FNDA:2,(anonymous_8)
DA:9,13
DA:13,13
DA:27,3
DA:28,3
DA:29,3
DA:30,3
DA:42,4
DA:43,4
DA:45,3
DA:46,3
DA:48,2
DA:49,2
DA:51,2
DA:62,3
DA:63,2
DA:65,1
DA:75,3
DA:76,3
DA:77,3
DA:79,2
DA:80,2
DA:82,2
DA:93,0
DA:94,0
DA:109,3
DA:113,3
DA:114,1
DA:115,2
DA:117,3
DA:118,3
LF:30
LH:28
BRDA:43,0,0,1
BRDA:46,1,0,1
BRDA:46,2,0,3
BRDA:46,2,1,3
BRDA:62,3,0,2
BRDA:77,4,0,1
BRDA:80,5,0,0
BRDA:80,6,0,2
BRDA:80,6,1,2
BRDA:113,7,0,1
BRDA:113,8,0,3
BRDA:113,8,1,1
BRF:12
BRH:11
end_of_record
TN:
SF:src\modules\dispatch\plan-manager.ts
FN:22,parsePlan
FN:47,updateItem
FN:53,(anonymous_2)
FN:62,serializePlan
FN:88,markItemDone
FN:98,markItemQuestion
FN:108,markItemError
FNF:7
FNH:7
FNDA:21,parsePlan
FNDA:10,updateItem
FNDA:28,(anonymous_2)
FNDA:9,serializePlan
FNDA:3,markItemDone
FNDA:1,markItemQuestion
FNDA:1,markItemError
DA:5,2
DA:12,2
DA:23,21
DA:24,21
DA:25,21
DA:27,21
DA:28,113
DA:29,113
DA:30,54
DA:31,54
DA:32,54
DA:38,54
DA:41,21
DA:53,10
DA:54,28
DA:66,9
DA:67,9
DA:68,9
DA:70,9
DA:71,52
DA:72,25
DA:73,25
DA:74,25
DA:75,25
DA:77,27
DA:81,9
DA:93,3
DA:94,3
DA:95,3
DA:103,1
DA:104,1
DA:105,1
DA:113,1
DA:114,1
DA:115,1
LF:35
LH:35
BRDA:29,0,0,59
BRDA:31,1,0,54
BRDA:31,1,1,0
BRDA:31,2,0,54
BRDA:31,2,1,0
BRDA:35,3,0,54
BRDA:35,3,1,0
BRDA:36,4,0,54
BRDA:36,4,1,37
BRDA:54,5,0,10
BRDA:54,5,1,18
BRDA:71,6,0,25
BRDA:71,6,1,27
BRDA:71,7,0,52
BRDA:71,7,1,25
BRDA:74,8,0,15
BRDA:74,8,1,10
BRDA:75,9,0,15
BRDA:75,9,1,10
BRDA:93,10,0,3
BRDA:93,10,1,0
BRDA:103,11,0,1
BRDA:103,11,1,0
BRDA:113,12,0,1
BRDA:113,12,1,0
BRF:25
BRH:19
end_of_record
TN:
SF:src\modules\dispatch\task-runner.ts
FN:19,saveTasks
FN:32,loadTasks
FN:52,createTask
FN:95,updateTaskStatus
FN:111,(anonymous_4)
FN:115,getTask
FN:119,listTasks
FN:127,handleWaitingForInput
FN:152,stopTask
FNF:9
FNH:6
FNDA:28,saveTasks
FNDA:0,loadTasks
FNDA:15,createTask
FNDA:12,updateTaskStatus
FNDA:0,(anonymous_4)
FNDA:2,getTask
FNDA:2,listTasks
FNDA:0,handleWaitingForInput
FNDA:5,stopTask
DA:12,2
DA:13,2
DA:20,28
DA:21,28
DA:22,28
DA:24,0
DA:33,0
DA:34,0
DA:35,0
DA:36,0
DA:37,0
DA:38,0
DA:40,0
DA:58,15
DA:59,15
DA:60,15
DA:61,15
DA:62,15
DA:65,15
DA:72,15
DA:73,15
DA:75,15
DA:86,15
DA:87,15
DA:88,15
DA:89,15
DA:100,12
DA:101,12
DA:103,11
DA:109,11
DA:111,11
DA:112,11
DA:116,2
DA:120,2
DA:132,0
DA:133,0
DA:153,5
DA:154,5
DA:156,4
DA:157,2
DA:160,2
DA:161,1
DA:162,1
DA:163,1
DA:165,1
DA:168,2
DA:169,2
DA:172,2
DA:173,1
DA:174,1
DA:175,1
DA:179,1
DA:180,1
DA:181,1
LF:54
LH:44
BRDA:34,0,0,0
BRDA:101,1,0,1
BRDA:154,2,0,1
BRDA:156,3,0,2
BRDA:156,4,0,4
BRDA:156,4,1,2
BRDA:160,5,0,1
BRDA:162,6,0,1
BRDA:172,7,0,1
BRF:9
BRH:8
end_of_record
TN:
SF:src\modules\dispatch\template-engine.ts
FN:17,renderTemplate
FNF:1
FNH:0
FNDA:0,renderTemplate
DA:21,0
DA:22,0
DA:23,0
DA:25,0
DA:26,0
LF:5
LH:0
BRDA:22,0,0,0
BRF:1
BRH:0
end_of_record
TN:
SF:src\modules\intake\api.ts
FN:12,createIntakeServer
FN:13,(anonymous_1)
FN:14,(anonymous_2)
FN:26,handleRequest
FN:114,readBody
FN:115,(anonymous_5)
FN:117,(anonymous_6)
FN:118,(anonymous_7)
FNF:8
FNH:7
FNDA:7,createIntakeServer
FNDA:7,(anonymous_1)
FNDA:0,(anonymous_2)
FNDA:7,handleRequest
FNDA:6,readBody
FNDA:6,(anonymous_5)
FNDA:6,(anonymous_6)
FNDA:6,(anonymous_7)
DA:13,7
DA:14,7
DA:15,0
DA:16,0
DA:17,0
DA:18,0
DA:30,7
DA:31,1
DA:32,1
DA:33,1
DA:37,6
DA:38,6
DA:40,0
DA:41,0
DA:42,0
DA:46,6
DA:47,6
DA:49,1
DA:50,1
DA:51,1
DA:54,5
DA:56,5
DA:57,2
DA:58,2
DA:64,2
DA:67,3
DA:68,1
DA:69,1
DA:75,1
DA:78,2
DA:92,2
DA:93,2
DA:94,1
DA:95,1
DA:102,1
DA:106,1
DA:107,1
DA:108,1
DA:115,6
DA:116,6
DA:117,6
DA:118,6
DA:119,6
LF:43
LH:36
BRDA:16,0,0,0
BRDA:30,1,0,1
BRDA:30,2,0,7
BRDA:30,2,1,6
BRDA:56,3,0,2
BRDA:56,4,0,5
BRDA:56,4,1,3
BRDA:56,4,2,3
BRDA:67,5,0,1
BRDA:67,6,0,3
BRDA:67,6,1,2
BRDA:67,6,2,2
BRDA:82,7,0,0
BRDA:82,7,1,2
BRDA:82,8,0,2
BRDA:82,8,1,0
BRDA:86,9,0,0
BRDA:86,9,1,2
BRDA:86,10,0,2
BRDA:86,10,1,0
BRDA:87,11,0,0
BRDA:87,11,1,2
BRF:22
BRH:16
end_of_record
TN:
SF:src\modules\intake\classifier.ts
FN:20,normalizeFeatures
FN:24,(anonymous_1)
FN:27,(anonymous_2)
FN:33,normalizeFeature
FNF:4
FNH:4
FNDA:30,normalizeFeatures
FNDA:33,(anonymous_1)
FNDA:6,(anonymous_2)
FNDA:39,normalizeFeature
DA:5,3
DA:13,3
DA:14,3
DA:24,30
DA:25,33
DA:27,30
DA:28,6
DA:30,30
DA:39,39
LF:9
LH:9
BRDA:24,0,0,30
BRDA:24,0,1,1
BRDA:27,1,0,30
BRDA:27,1,1,1
BRDA:40,2,0,37
BRDA:40,2,1,2
BRDA:40,3,0,39
BRDA:40,3,1,37
BRDA:41,4,0,39
BRDA:41,4,1,0
BRDA:41,5,0,39
BRDA:41,5,1,39
BRDA:42,6,0,39
BRDA:42,6,1,0
BRDA:43,7,0,39
BRDA:43,7,1,0
BRDA:46,8,0,38
BRDA:46,8,1,1
BRDA:49,9,0,38
BRDA:49,9,1,1
BRF:20
BRH:17
end_of_record
TN:
SF:src\modules\intake\parser.ts
FN:22,runIntake
FN:40,analyseRequirements
FN:93,(anonymous_2)
FNF:3
FNH:3
FNDA:12,runIntake
FNDA:12,analyseRequirements
FNDA:10,(anonymous_2)
DA:14,2
DA:26,12
DA:28,10
DA:29,10
DA:30,10
DA:31,10
DA:32,10
DA:33,10
DA:41,12
DA:45,12
DA:53,12
DA:70,12
DA:71,12
DA:72,19
DA:73,19
DA:74,19
DA:82,15
DA:83,15
DA:86,10
DA:90,10
DA:93,10
DA:98,10
DA:110,10
DA:112,9
DA:113,9
DA:119,2
LF:26
LH:26
BRDA:24,0,0,0
BRDA:48,1,0,12
BRDA:48,1,1,12
BRDA:49,2,0,12
BRDA:49,2,1,12
BRDA:50,3,0,12
BRDA:50,3,1,12
BRDA:82,4,0,15
BRDA:82,4,1,0
BRDA:93,5,0,10
BRDA:93,5,1,0
BRDA:99,6,0,10
BRDA:99,6,1,0
BRDA:102,7,0,10
BRDA:102,7,1,0
BRDA:106,8,0,10
BRDA:106,8,1,0
BRF:17
BRH:11
end_of_record
TN:
SF:src\modules\intake\risk-analyzer.ts
FN:11,normalizeRisks
FN:12,(anonymous_1)
FN:15,normalizeRisk
FNF:3
FNH:3
FNDA:17,normalizeRisks
FNDA:17,(anonymous_1)
FNDA:17,normalizeRisk
DA:5,3
DA:12,17
DA:16,17
LF:3
LH:3
BRDA:12,0,0,17
BRDA:12,0,1,1
BRDA:17,1,0,14
BRDA:17,1,1,3
BRDA:17,2,0,17
BRDA:17,2,1,14
BRDA:19,3,0,16
BRDA:19,3,1,1
BRDA:19,4,0,17
BRDA:19,4,1,16
BRDA:22,5,0,16
BRDA:22,5,1,1
BRDA:26,6,0,16
BRDA:26,6,1,1
BRDA:26,7,0,17
BRDA:26,7,1,16
BRF:16
BRH:16
end_of_record
TN:
SF:src\modules\intake\template.ts
FN:4,buildMarkdown
FN:37,(anonymous_1)
FN:45,(anonymous_2)
FN:51,(anonymous_3)
FN:55,formatFeature
FN:59,buildComplexityTable
FN:63,(anonymous_6)
FNF:7
FNH:7
FNDA:17,buildMarkdown
FNDA:17,(anonymous_1)
FNDA:22,(anonymous_2)
FNDA:17,(anonymous_3)
FNDA:28,formatFeature
FNDA:17,buildComplexityTable
FNDA:28,(anonymous_6)
DA:5,17
DA:14,17
DA:19,17
DA:37,17
DA:45,22
DA:51,17
DA:56,28
DA:61,17
DA:62,17
DA:63,28
DA:65,17
LF:11
LH:11
BRDA:33,0,0,6
BRDA:33,0,1,11
BRF:2
BRH:2
end_of_record
TN:
SF:src\utils\errors.ts
FN:4,(anonymous_0)
FN:14,(anonymous_1)
FN:24,(anonymous_2)
FN:31,(anonymous_3)
FN:41,(anonymous_4)
FNF:5
FNH:4
FNDA:8,(anonymous_0)
FNDA:2,(anonymous_1)
FNDA:3,(anonymous_2)
FNDA:3,(anonymous_3)
FNDA:0,(anonymous_4)
DA:6,8
DA:8,8
DA:9,8
DA:16,2
DA:18,2
DA:19,2
DA:24,3
DA:25,3
DA:26,3
DA:32,3
DA:36,3
DA:42,0
DA:43,0
LF:13
LH:11
BRF:0
BRH:0
end_of_record
TN:
SF:src\utils\file-writer.ts
FN:10,atomicWrite
FN:26,writeFile
FN:37,readFile
FN:49,fileExists
FNF:4
FNH:0
FNDA:0,atomicWrite
FNDA:0,writeFile
FNDA:0,readFile
FNDA:0,fileExists
DA:14,0
DA:15,0
DA:16,0
DA:18,0
DA:19,0
DA:20,0
DA:30,0
DA:31,0
DA:38,0
DA:39,0
DA:41,0
DA:42,0
DA:50,0
DA:51,0
DA:52,0
DA:54,0
LF:16
LH:0
BRDA:41,0,0,0
BRF:1
BRH:0
end_of_record
TN:
SF:src\utils\logger.ts
FN:15,log
FN:30,(anonymous_1)
FN:31,(anonymous_2)
FN:32,(anonymous_3)
FN:33,(anonymous_4)
FNF:5
FNH:0
FNDA:0,log
FNDA:0,(anonymous_1)
FNDA:0,(anonymous_2)
FNDA:0,(anonymous_3)
FNDA:0,(anonymous_4)
DA:5,0
DA:13,0
DA:16,0
DA:18,0
DA:19,0
DA:20,0
DA:22,0
DA:23,0
DA:25,0
DA:29,0
DA:30,0
DA:31,0
DA:32,0
DA:33,0
LF:14
LH:0
BRDA:13,0,0,0
BRDA:13,0,1,0
BRDA:16,1,0,0
BRDA:20,2,0,0
BRDA:20,2,1,0
BRDA:22,3,0,0
BRDA:22,3,1,0
BRDA:22,4,0,0
BRDA:22,4,1,0
BRF:9
BRH:0
end_of_record
TN:
SF:src\utils\slug.ts
FN:15,buildIntakeSlug
FN:38,resolveIntakeSlug
FN:62,buildDispatchSlug
FN:76,resolveDispatchSlug
FNF:4
FNH:4
FNDA:17,buildIntakeSlug
FNDA:3,resolveIntakeSlug
FNDA:8,buildDispatchSlug
FNDA:5,resolveDispatchSlug
DA:16,17
DA:18,17
DA:20,17
DA:22,17
DA:24,17
DA:26,17
DA:28,17
DA:29,2
DA:32,17
DA:42,3
DA:43,3
DA:45,2
DA:46,2
DA:47,3
DA:48,3
DA:49,1
DA:63,8
DA:64,8
DA:65,8
DA:66,8
DA:67,8
DA:68,8
DA:70,8
DA:80,5
DA:81,5
DA:83,1
DA:85,1
DA:90,1
LF:28
LH:28
BRDA:28,0,0,2
BRDA:43,1,0,1
BRDA:48,2,0,2
BRDA:70,3,0,5
BRDA:70,3,1,3
BRDA:81,4,0,4
BRF:6
BRH:6
end_of_record
